
> @hekate/web@1.0.0 type-check /Users/rodrigojosedossantospires/Desktop/Caminhos de Hekate/apps/web
> tsc --noEmit

src/app/(dashboard)/email-templates/page.tsx(468,15): error TS2322: Type 'import("/Users/rodrigojosedossantospires/Desktop/Caminhos de Hekate/apps/web/src/lib/email").EmailTemplate | undefined' is not assignable to type 'import("/Users/rodrigojosedossantospires/Desktop/Caminhos de Hekate/apps/web/src/hooks/useEmailTemplates").EmailTemplate | undefined'.
  Type 'import("/Users/rodrigojosedossantospires/Desktop/Caminhos de Hekate/apps/web/src/lib/email").EmailTemplate' is not assignable to type 'import("/Users/rodrigojosedossantospires/Desktop/Caminhos de Hekate/apps/web/src/hooks/useEmailTemplates").EmailTemplate'.
    Types of property 'category' are incompatible.
      Type 'string' is not assignable to type '"TRANSACTIONAL" | "MARKETING" | "NOTIFICATION" | "SYSTEM" | "WELCOME" | "CONFIRMATION" | "REMINDER" | "NEWSLETTER"'.
src/app/(dashboard)/email-templates/page.tsx(469,15): error TS2322: Type '(templateData: EmailTemplate | Partial<EmailTemplate>) => Promise<void>' is not assignable to type '(template: EmailTemplate | Partial<EmailTemplate>) => void'.
  Types of parameters 'templateData' and 'template' are incompatible.
    Type 'import("/Users/rodrigojosedossantospires/Desktop/Caminhos de Hekate/apps/web/src/hooks/useEmailTemplates").EmailTemplate | Partial<import("/Users/rodrigojosedossantospires/Desktop/Caminhos de Hekate/apps/web/src/hooks/useEmailTemplates").EmailTemplate>' is not assignable to type 'import("/Users/rodrigojosedossantospires/Desktop/Caminhos de Hekate/apps/web/src/lib/email").EmailTemplate | Partial<import("/Users/rodrigojosedossantospires/Desktop/Caminhos de Hekate/apps/web/src/lib/email").EmailTemplate>'.
      Type 'EmailTemplate' is not assignable to type 'EmailTemplate | Partial<EmailTemplate>'.
        Type 'EmailTemplate' is not assignable to type 'Partial<EmailTemplate>'.
          Types of property 'createdAt' are incompatible.
            Type 'string' is not assignable to type 'Date'.
src/app/admin/email-templates/dynamic/page.tsx(297,13): error TS2719: Type '(template: EmailTemplate) => void' is not assignable to type '(template: EmailTemplate) => void'. Two different types with this name exist, but they are unrelated.
  Types of parameters 'template' and 'template' are incompatible.
    Type 'EmailTemplate' is missing the following properties from type 'EmailTemplate': createdAt, updatedAt
src/app/admin/email-templates/dynamic/page.tsx(338,17): error TS2322: Type '{ predefinedTemplates: PredefinedTemplate[]; onApplyTemplate: (template: any) => void; }' is not assignable to type 'IntrinsicAttributes & EmailTemplateSelectorProps'.
  Property 'predefinedTemplates' does not exist on type 'IntrinsicAttributes & EmailTemplateSelectorProps'.
src/app/admin/email-templates/dynamic/page.tsx(339,35): error TS7006: Parameter 'template' implicitly has an 'any' type.
src/app/admin/page.tsx(37,49): error TS2339: Property 'fetchRecentEvents' does not exist on type '{ stats: DashboardStats | null; userAnalytics: UserAnalytics | null; adminOverview: AdminOverview | null; metricsSeries: AnalyticsTimeseriesPoint[]; ... 6 more ...; refresh: () => Promise<...>; }'.
src/app/admin/page.tsx(94,27): error TS2345: Argument of type '{ id: any; type: any; description: any; timestamp: any; user: { name: string; } | null; }[]' is not assignable to parameter of type 'SetStateAction<Activity[]>'.
  Type '{ id: any; type: any; description: any; timestamp: any; user: { name: string; } | null; }[]' is not assignable to type 'Activity[]'.
    Type '{ id: any; type: any; description: any; timestamp: any; user: { name: string; } | null; }' is not assignable to type 'Activity'.
      Types of property 'user' are incompatible.
        Type '{ name: string; } | null' is not assignable to type '{ name: string; avatar?: string | undefined; } | undefined'.
          Type 'null' is not assignable to type '{ name: string; avatar?: string | undefined; } | undefined'.
src/app/admin/page.tsx(175,14): error TS18048: 'usersStats.overview.newUsers' is possibly 'undefined'.
src/app/admin/page.tsx(176,16): error TS18047: 'usersStats' is possibly 'null'.
src/app/admin/page.tsx(185,37): error TS2339: Property 'newOrders' does not exist on type '{ totalOrders: number; totalRevenue: number; avgOrderValue: number; ordersGrowth: number; revenueGrowth: number; }'.
src/app/admin/page.tsx(186,16): error TS18047: 'ordersReport' is possibly 'null'.
src/app/admin/page.tsx(186,37): error TS2339: Property 'newOrders' does not exist on type '{ totalOrders: number; totalRevenue: number; avgOrderValue: number; ordersGrowth: number; revenueGrowth: number; }'.
src/app/api/admin/email-templates/route.ts(53,9): error TS2353: Object literal may only specify known properties, and 'isActive' does not exist in type 'EmailTemplateSelect<DefaultArgs>'.
src/app/api/admin/email-templates/route.ts(112,9): error TS2561: Object literal may only specify known properties, but 'createdById' does not exist in type '(Without<EmailTemplateCreateInput, EmailTemplateUncheckedCreateInput> & EmailTemplateUncheckedCreateInput) | (Without<...> & EmailTemplateCreateInput)'. Did you mean to write 'createdBy'?
src/app/api/admin/email-templates/route.ts(123,9): error TS2353: Object literal may only specify known properties, and 'isActive' does not exist in type 'EmailTemplateSelect<DefaultArgs>'.
src/app/api/admin/email-templates/route.ts(202,9): error TS2561: Object literal may only specify known properties, but 'updatedById' does not exist in type '(Without<EmailTemplateUpdateInput, EmailTemplateUncheckedUpdateInput> & EmailTemplateUncheckedUpdateInput) | (Without<...> & EmailTemplateUpdateInput)'. Did you mean to write 'updatedBy'?
src/app/api/admin/email-templates/route.ts(212,9): error TS2353: Object literal may only specify known properties, and 'isActive' does not exist in type 'EmailTemplateSelect<DefaultArgs>'.
src/app/api/admin/gamification/analytics/route.ts(113,23): error TS2571: Object is of type 'unknown'.
src/app/api/admin/gamification/analytics/route.ts(114,27): error TS2571: Object is of type 'unknown'.
src/app/api/admin/gamification/analytics/route.ts(123,30): error TS2571: Object is of type 'unknown'.
src/app/api/admin/gamification/analytics/route.ts(133,9): error TS2322: Type '"source"[]' is not assignable to type 'PointTransactionScalarFieldEnum | PointTransactionScalarFieldEnum[]'.
  Type '"source"[]' is not assignable to type 'PointTransactionScalarFieldEnum[]'.
    Type '"source"' is not assignable to type 'PointTransactionScalarFieldEnum'.
src/app/api/admin/gamification/analytics/route.ts(178,20): error TS2339: Property 'source' does not exist on type 'PickEnumerable<PointTransactionGroupByOutputType, PointTransactionScalarFieldEnum | PointTransactionScalarFieldEnum[]> & { ...; }'.
src/app/api/admin/gamification/analytics/route.ts(179,15): error TS18048: 'item._sum' is possibly 'undefined'.
src/app/api/admin/gamification/analytics/route.ts(196,23): error TS2571: Object is of type 'unknown'.
src/app/api/admin/gamification/analytics/route.ts(227,9): error TS2322: Type '"type"[]' is not assignable to type 'AchievementScalarFieldEnum | AchievementScalarFieldEnum[]'.
  Type '"type"[]' is not assignable to type 'AchievementScalarFieldEnum[]'.
    Type '"type"' is not assignable to type 'AchievementScalarFieldEnum'.
src/app/api/admin/gamification/analytics/route.ts(229,11): error TS2353: Object literal may only specify known properties, and 'type' does not exist in type 'AchievementCountAggregateInputType'.
src/app/api/admin/gamification/analytics/route.ts(255,9): error TS2353: Object literal may only specify known properties, and 'title' does not exist in type 'AchievementSelect<DefaultArgs>'.
src/app/api/admin/gamification/analytics/route.ts(263,35): error TS2339: Property 'title' does not exist on type '{ id: string; metadata: JsonValue; createdAt: Date; updatedAt: Date; name: string; description: string; isActive: boolean; points: number; icon: string | null; categoryId: string; rarity: AchievementRarity; criteria: JsonValue; }'.
src/app/api/admin/gamification/analytics/route.ts(270,22): error TS2339: Property 'type' does not exist on type 'PickEnumerable<AchievementGroupByOutputType, AchievementScalarFieldEnum | AchievementScalarFieldEnum[]> & { ...; }'.
src/app/api/admin/gamification/analytics/route.ts(271,14): error TS18048: 'item._count' is possibly 'undefined'.
src/app/api/admin/gamification/analytics/route.ts(271,26): error TS2339: Property 'type' does not exist on type 'true | { id?: number | undefined; name?: number | undefined; description?: number | undefined; icon?: number | undefined; categoryId?: number | undefined; rarity?: number | undefined; ... 6 more ...; _all?: number | undefined; }'.
  Property 'type' does not exist on type 'true'.
src/app/api/admin/gamification/analytics/route.ts(281,23): error TS2571: Object is of type 'unknown'.
src/app/api/admin/gamification/analytics/route.ts(291,14): error TS2339: Property 'eventParticipant' does not exist on type 'PrismaClient<PrismaClientOptions, never, DefaultArgs>'.
src/app/api/admin/gamification/analytics/route.ts(319,40): error TS7006: Parameter 'item' implicitly has an 'any' type.
src/app/api/admin/gamification/analytics/route.ts(332,50): error TS7006: Parameter 'item' implicitly has an 'any' type.
src/app/api/admin/gamification/analytics/route.ts(341,48): error TS7006: Parameter 'event' implicitly has an 'any' type.
src/app/api/admin/gamification/analytics/route.ts(381,9): error TS2322: Type '"type"[]' is not assignable to type 'UserStreakScalarFieldEnum | UserStreakScalarFieldEnum[]'.
  Type '"type"[]' is not assignable to type 'UserStreakScalarFieldEnum[]'.
    Type '"type"' is not assignable to type 'UserStreakScalarFieldEnum'.
src/app/api/admin/gamification/analytics/route.ts(403,32): error TS2571: Object is of type 'unknown'.
src/app/api/admin/gamification/analytics/route.ts(409,18): error TS2339: Property 'type' does not exist on type 'PickEnumerable<UserStreakGroupByOutputType, UserStreakScalarFieldEnum | UserStreakScalarFieldEnum[]> & { ...; }'.
src/app/api/admin/gamification/analytics/route.ts(410,29): error TS18048: 'item._avg' is possibly 'undefined'.
src/app/api/admin/gamification/analytics/route.ts(411,18): error TS18048: 'item._max' is possibly 'undefined'.
src/app/api/admin/gamification/analytics/route.ts(415,23): error TS2571: Object is of type 'unknown'.
src/app/api/admin/gamification/stats/route.ts(44,11): error TS2322: Type '"ACTIVE"' is not assignable to type 'EventStatus | EnumEventStatusFilter<"Event"> | undefined'.
src/app/api/admin/gamification/stats/route.ts(55,14): error TS2339: Property 'reward' does not exist on type 'PrismaClient<PrismaClientOptions, never, DefaultArgs>'.
src/app/api/admin/gamification/stats/route.ts(183,14): error TS2339: Property 'eventParticipant' does not exist on type 'PrismaClient<PrismaClientOptions, never, DefaultArgs>'.
src/app/api/admin/gamification/stats/route.ts(315,26): error TS2339: Property 'type' does not exist on type '{ user: { userPoints: { id: string; userId: string; createdAt: Date; updatedAt: Date; totalPoints: number; currentLevel: number; pointsToNext: number; }[]; } & { calendarPrivacySettings: string | null; ... 14 more ...; calendarNotificationSettings: string | null; }; } & { ...; }'.
src/app/api/admin/gamification/stats/route.ts(315,43): error TS2339: Property 'type' does not exist on type '{ user: { userPoints: { id: string; userId: string; createdAt: Date; updatedAt: Date; totalPoints: number; currentLevel: number; pointsToNext: number; }[]; } & { calendarPrivacySettings: string | null; ... 14 more ...; calendarNotificationSettings: string | null; }; } & { ...; }'.
src/app/api/admin/gamification/stats/route.ts(316,21): error TS2339: Property 'type' does not exist on type '{ user: { userPoints: { id: string; userId: string; createdAt: Date; updatedAt: Date; totalPoints: number; currentLevel: number; pointsToNext: number; }[]; } & { calendarPrivacySettings: string | null; ... 14 more ...; calendarNotificationSettings: string | null; }; } & { ...; }'.
src/app/api/admin/gamification/stats/route.ts(351,15): error TS2322: Type '"ACTIVE"' is not assignable to type 'EventStatus | EnumEventStatusFilter<"Event"> | undefined'.
src/app/api/admin/gamification/stats/route.ts(361,15): error TS2561: Object literal may only specify known properties, but 'lastActivityDate' does not exist in type 'UserStreakWhereInput'. Did you mean to write 'lastActivity'?
src/app/api/analytics/route.ts(239,9): error TS2322: Type '{ category: string; action: string; properties: { value: number; unit: string | undefined; userAgent: string | undefined; ip: string | undefined; }; userId: string; }' is not assignable to type '(Without<AnalyticsEventCreateInput, AnalyticsEventUncheckedCreateInput> & AnalyticsEventUncheckedCreateInput) | (Without<...> & AnalyticsEventCreateInput)'.
  Type '{ category: string; action: string; properties: { value: number; unit: string | undefined; userAgent: string | undefined; ip: string | undefined; }; userId: string; }' is not assignable to type 'Without<AnalyticsEventCreateInput, AnalyticsEventUncheckedCreateInput> & AnalyticsEventUncheckedCreateInput'.
    Property 'name' is missing in type '{ category: string; action: string; properties: { value: number; unit: string | undefined; userAgent: string | undefined; ip: string | undefined; }; userId: string; }' but required in type 'AnalyticsEventUncheckedCreateInput'.
src/app/api/analytics/route.ts(259,9): error TS2322: Type '{ category: string; action: string; properties: { userAgent: string | undefined; ip: string | undefined; }; userId: string; }' is not assignable to type '(Without<AnalyticsEventCreateInput, AnalyticsEventUncheckedCreateInput> & AnalyticsEventUncheckedCreateInput) | (Without<...> & AnalyticsEventCreateInput)'.
  Type '{ category: string; action: string; properties: { userAgent: string | undefined; ip: string | undefined; }; userId: string; }' is not assignable to type 'Without<AnalyticsEventCreateInput, AnalyticsEventUncheckedCreateInput> & AnalyticsEventUncheckedCreateInput'.
    Property 'name' is missing in type '{ category: string; action: string; properties: { userAgent: string | undefined; ip: string | undefined; }; userId: string; }' but required in type 'AnalyticsEventUncheckedCreateInput'.
src/app/api/background/reminder-processor/route.ts(114,38): error TS2304: Cannot find name 'prisma'.
src/app/api/email/send/route.ts(34,44): error TS2367: This comparison appears to be unintentional because the types '"EDITOR" | "MEMBER" | "VISITOR"' and '"MODERATOR"' have no overlap.
src/app/api/events/recurring/[seriesId]/instances/route.ts(125,37): error TS2339: Property 'recurringEventException' does not exist on type 'PrismaClient<PrismaClientOptions, never, DefaultArgs>'.
src/app/api/events/recurring/[seriesId]/instances/route.ts(129,36): error TS2339: Property 'recurringEventException' does not exist on type 'PrismaClient<PrismaClientOptions, never, DefaultArgs>'.
src/app/api/events/recurring/[seriesId]/instances/route.ts(184,35): error TS2339: Property 'recurringEventException' does not exist on type 'PrismaClient<PrismaClientOptions, never, DefaultArgs>'.
src/app/api/events/recurring/[seriesId]/instances/route.ts(190,20): error TS7006: Parameter 'e' implicitly has an 'any' type.
src/app/api/events/recurring/[seriesId]/instances/route.ts(203,41): error TS7006: Parameter 'e' implicitly has an 'any' type.
src/app/api/events/recurring/[seriesId]/instances/route.ts(329,41): error TS2339: Property 'recurringEventException' does not exist on type 'PrismaClient<PrismaClientOptions, never, DefaultArgs>'.
src/app/api/events/recurring/[seriesId]/instances/route.ts(362,11): error TS2322: Type '"SCHEDULED"' is not assignable to type 'EventStatus | undefined'.
src/app/api/events/recurring/[seriesId]/instances/route.ts(367,38): error TS2339: Property 'recurringEventException' does not exist on type 'PrismaClient<PrismaClientOptions, never, DefaultArgs>'.
src/app/api/gamification/events/[eventId]/participate/route.ts(125,13): error TS2322: Type '"EVENT_ENTRY_FEE"' is not assignable to type 'PointTransactionType'.
src/app/api/gamification/events/[eventId]/participate/route.ts(232,13): error TS2322: Type '"EVENT_REFUND"' is not assignable to type 'PointTransactionType'.
src/app/api/gamification/events/[eventId]/score/route.ts(201,15): error TS2322: Type '{ name: string; description: string; category: { connectOrCreate: { where: { name: string; }; create: { name: string; }; }; }; rarity: "COMMON" | "RARE" | "EPIC" | "LEGENDARY"; points: number; }' is not assignable to type '(Without<AchievementCreateInput, AchievementUncheckedCreateInput> & AchievementUncheckedCreateInput) | (Without<...> & AchievementCreateInput)'.
  Type '{ name: string; description: string; category: { connectOrCreate: { where: { name: string; }; create: { name: string; }; }; }; rarity: "COMMON" | "RARE" | "EPIC" | "LEGENDARY"; points: number; }' is not assignable to type 'Without<AchievementUncheckedCreateInput, AchievementCreateInput> & AchievementCreateInput'.
    Property 'criteria' is missing in type '{ name: string; description: string; category: { connectOrCreate: { where: { name: string; }; create: { name: string; }; }; }; rarity: "COMMON" | "RARE" | "EPIC" | "LEGENDARY"; points: number; }' but required in type 'AchievementCreateInput'.
src/app/api/gamification/events/[eventId]/score/route.ts(223,15): error TS2353: Object literal may only specify known properties, and 'eventId' does not exist in type 'Without<UserAchievementCreateInput, UserAchievementUncheckedCreateInput> & UserAchievementUncheckedCreateInput'.
src/app/api/gamification/events/[eventId]/score/route.ts(271,55): error TS2365: Operator '<=' cannot be applied to types 'number' and 'Decimal'.
src/app/api/gamification/events/[eventId]/score/route.ts(281,13): error TS2353: Object literal may only specify known properties, and 'eventId' does not exist in type 'GamificationUserRewardWhereInput'.
src/app/api/gamification/events/[eventId]/score/route.ts(291,15): error TS2353: Object literal may only specify known properties, and 'eventId' does not exist in type 'Without<GamificationUserRewardCreateInput, GamificationUserRewardUncheckedCreateInput> & GamificationUserRewardUncheckedCreateInput'.
src/app/api/gamification/events/[eventId]/score/route.ts(303,49): error TS18047: 'reward.rewardValue' is possibly 'null'.
src/app/api/gamification/events/[eventId]/score/route.ts(303,49): error TS2365: Operator '>' cannot be applied to types 'string | number | boolean | JsonObject | JsonArray' and 'number'.
src/app/api/gamification/events/[eventId]/score/route.ts(308,19): error TS2322: Type 'JsonValue' is not assignable to type 'number | undefined'.
  Type 'null' is not assignable to type 'number | undefined'.
src/app/api/gamification/events/[eventId]/score/route.ts(313,17): error TS2322: Type 'JsonValue' is not assignable to type 'number | undefined'.
  Type 'null' is not assignable to type 'number | undefined'.
src/app/api/gamification/events/[eventId]/score/route.ts(320,17): error TS2322: Type 'JsonValue' is not assignable to type 'number'.
  Type 'null' is not assignable to type 'number'.
src/app/api/gamification/events/[eventId]/score/route.ts(321,17): error TS2322: Type '"EVENT_REWARD"' is not assignable to type 'PointTransactionType'.
src/app/api/gamification/events/[id]/enroll/route.ts(36,9): error TS2367: This comparison appears to be unintentional because the types 'GamificationEventStatus' and '"active"' have no overlap.
src/app/api/gamification/events/[id]/enroll/route.ts(70,9): error TS2353: Object literal may only specify known properties, and 'joinedAt' does not exist in type 'Without<GamificationEventParticipantCreateInput, GamificationEventParticipantUncheckedCreateInput> & GamificationEventParticipantUncheckedCreateInput'.
src/app/api/gamification/events/[id]/enroll/route.ts(75,15): error TS2339: Property 'enrollmentPoints' does not exist on type '{ participants: { status: GamificationParticipantStatus; id: string; userId: string; eventId: string; enrolledAt: Date; currentScore: number; currentRank: number | null; participationData: JsonValue; }[]; } & { ...; }'.
src/app/api/gamification/events/[id]/enroll/route.ts(75,41): error TS2339: Property 'enrollmentPoints' does not exist on type '{ participants: { status: GamificationParticipantStatus; id: string; userId: string; eventId: string; enrolledAt: Date; currentScore: number; currentRank: number | null; participationData: JsonValue; }[]; } & { ...; }'.
src/app/api/gamification/events/[id]/enroll/route.ts(78,15): error TS2339: Property 'enrollmentPoints' does not exist on type '{ participants: { status: GamificationParticipantStatus; id: string; userId: string; eventId: string; enrolledAt: Date; currentScore: number; currentRank: number | null; participationData: JsonValue; }[]; } & { ...; }'.
src/app/api/gamification/events/[id]/enroll/route.ts(81,9): error TS2554: Expected 3-4 arguments, but got 5.
src/app/api/gamification/events/[id]/enroll/route.ts(89,31): error TS2339: Property 'joinedAt' does not exist on type '{ status: GamificationParticipantStatus; id: string; userId: string; eventId: string; enrolledAt: Date; currentScore: number; currentRank: number | null; participationData: JsonValue; }'.
src/app/api/gamification/events/[id]/enroll/route.ts(91,21): error TS2339: Property 'enrollmentPoints' does not exist on type '{ participants: { status: GamificationParticipantStatus; id: string; userId: string; eventId: string; enrolledAt: Date; currentScore: number; currentRank: number | null; participationData: JsonValue; }[]; } & { ...; }'.
src/app/api/gamification/events/[id]/leaderboard/route.ts(54,13): error TS2353: Object literal may only specify known properties, and 'username' does not exist in type 'UserSelect<DefaultArgs>'.
src/app/api/gamification/events/[id]/leaderboard/route.ts(60,11): error TS2353: Object literal may only specify known properties, and 'joinedAt' does not exist in type 'GamificationEventParticipantOrderByWithRelationInput'.
src/app/api/gamification/events/[id]/leaderboard/route.ts(84,15): error TS2353: Object literal may only specify known properties, and 'username' does not exist in type 'UserSelect<DefaultArgs>'.
src/app/api/gamification/events/[id]/leaderboard/route.ts(96,25): error TS2339: Property 'user' does not exist on type '{ id: string; eventId: string; userId: string; status: GamificationParticipantStatus; enrolledAt: Date; currentScore: number; currentRank: number | null; participationData: JsonValue; }'.
src/app/api/gamification/events/[id]/leaderboard/route.ts(97,27): error TS2339: Property 'user' does not exist on type '{ id: string; eventId: string; userId: string; status: GamificationParticipantStatus; enrolledAt: Date; currentScore: number; currentRank: number | null; participationData: JsonValue; }'.
src/app/api/gamification/events/[id]/leaderboard/route.ts(98,28): error TS2339: Property 'user' does not exist on type '{ id: string; eventId: string; userId: string; status: GamificationParticipantStatus; enrolledAt: Date; currentScore: number; currentRank: number | null; participationData: JsonValue; }'.
src/app/api/gamification/events/[id]/leaderboard/route.ts(99,31): error TS2339: Property 'user' does not exist on type '{ id: string; eventId: string; userId: string; status: GamificationParticipantStatus; enrolledAt: Date; currentScore: number; currentRank: number | null; participationData: JsonValue; }'.
src/app/api/gamification/events/[id]/leaderboard/route.ts(102,29): error TS2339: Property 'joinedAt' does not exist on type '{ id: string; eventId: string; userId: string; status: GamificationParticipantStatus; enrolledAt: Date; currentScore: number; currentRank: number | null; participationData: JsonValue; }'.
src/app/api/gamification/events/[id]/leaderboard/route.ts(103,35): error TS2339: Property 'lastActivityAt' does not exist on type '{ id: string; eventId: string; userId: string; status: GamificationParticipantStatus; enrolledAt: Date; currentScore: number; currentRank: number | null; participationData: JsonValue; }'.
src/app/api/gamification/events/[id]/leaderboard/route.ts(138,33): error TS2339: Property 'user' does not exist on type '{ id: string; eventId: string; userId: string; status: GamificationParticipantStatus; enrolledAt: Date; currentScore: number; currentRank: number | null; participationData: JsonValue; }'.
src/app/api/gamification/events/[id]/leaderboard/route.ts(139,35): error TS2339: Property 'user' does not exist on type '{ id: string; eventId: string; userId: string; status: GamificationParticipantStatus; enrolledAt: Date; currentScore: number; currentRank: number | null; participationData: JsonValue; }'.
src/app/api/gamification/events/[id]/leaderboard/route.ts(140,36): error TS2339: Property 'user' does not exist on type '{ id: string; eventId: string; userId: string; status: GamificationParticipantStatus; enrolledAt: Date; currentScore: number; currentRank: number | null; participationData: JsonValue; }'.
src/app/api/gamification/events/[id]/leaderboard/route.ts(141,39): error TS2339: Property 'user' does not exist on type '{ id: string; eventId: string; userId: string; status: GamificationParticipantStatus; enrolledAt: Date; currentScore: number; currentRank: number | null; participationData: JsonValue; }'.
src/app/api/gamification/events/[id]/leaderboard/route.ts(144,37): error TS2339: Property 'joinedAt' does not exist on type '{ id: string; eventId: string; userId: string; status: GamificationParticipantStatus; enrolledAt: Date; currentScore: number; currentRank: number | null; participationData: JsonValue; }'.
src/app/api/gamification/events/[id]/leaderboard/route.ts(145,43): error TS2339: Property 'lastActivityAt' does not exist on type '{ id: string; eventId: string; userId: string; status: GamificationParticipantStatus; enrolledAt: Date; currentScore: number; currentRank: number | null; participationData: JsonValue; }'.
src/app/api/gamification/events/[id]/participate/route.ts(125,13): error TS2322: Type '"EVENT_ENTRY_FEE"' is not assignable to type 'PointTransactionType'.
src/app/api/gamification/events/[id]/participate/route.ts(232,13): error TS2322: Type '"EVENT_REFUND"' is not assignable to type 'PointTransactionType'.
src/app/api/gamification/events/[id]/score/route.ts(87,11): error TS2353: Object literal may only specify known properties, and 'lastActivityAt' does not exist in type '(Without<GamificationEventParticipantUpdateInput, GamificationEventParticipantUncheckedUpdateInput> & GamificationEventParticipantUncheckedUpdateInput) | (Without<...> & GamificationEventParticipantUpdateInput)'.
src/app/api/gamification/events/[id]/score/route.ts(99,13): error TS2353: Object literal may only specify known properties, and 'joinedAt' does not exist in type 'GamificationEventParticipantOrderByWithRelationInput'.
src/app/api/gamification/events/[id]/score/route.ts(116,16): error TS2339: Property 'gamificationActivity' does not exist on type 'Omit<PrismaClient<PrismaClientOptions, never, DefaultArgs>, "$connect" | "$disconnect" | "$on" | "$transaction" | "$use" | "$extends">'.
src/app/api/gamification/events/[id]/score/route.ts(222,15): error TS2322: Type '{ name: string; description: string; category: { connectOrCreate: { where: { name: string; }; create: { name: string; }; }; }; rarity: "COMMON" | "RARE" | "EPIC" | "LEGENDARY"; points: number; }' is not assignable to type '(Without<AchievementCreateInput, AchievementUncheckedCreateInput> & AchievementUncheckedCreateInput) | (Without<...> & AchievementCreateInput)'.
  Type '{ name: string; description: string; category: { connectOrCreate: { where: { name: string; }; create: { name: string; }; }; }; rarity: "COMMON" | "RARE" | "EPIC" | "LEGENDARY"; points: number; }' is not assignable to type 'Without<AchievementUncheckedCreateInput, AchievementCreateInput> & AchievementCreateInput'.
    Property 'criteria' is missing in type '{ name: string; description: string; category: { connectOrCreate: { where: { name: string; }; create: { name: string; }; }; }; rarity: "COMMON" | "RARE" | "EPIC" | "LEGENDARY"; points: number; }' but required in type 'AchievementCreateInput'.
src/app/api/gamification/events/[id]/score/route.ts(244,15): error TS2353: Object literal may only specify known properties, and 'eventId' does not exist in type 'Without<UserAchievementCreateInput, UserAchievementUncheckedCreateInput> & UserAchievementUncheckedCreateInput'.
src/app/api/gamification/events/[id]/score/route.ts(292,55): error TS2365: Operator '<=' cannot be applied to types 'number' and 'Decimal'.
src/app/api/gamification/events/[id]/score/route.ts(302,13): error TS2353: Object literal may only specify known properties, and 'eventId' does not exist in type 'GamificationUserRewardWhereInput'.
src/app/api/gamification/events/[id]/score/route.ts(312,15): error TS2353: Object literal may only specify known properties, and 'eventId' does not exist in type 'Without<GamificationUserRewardCreateInput, GamificationUserRewardUncheckedCreateInput> & GamificationUserRewardUncheckedCreateInput'.
src/app/api/gamification/events/[id]/score/route.ts(324,49): error TS18047: 'reward.rewardValue' is possibly 'null'.
src/app/api/gamification/events/[id]/score/route.ts(324,49): error TS2365: Operator '>' cannot be applied to types 'string | number | boolean | JsonObject | JsonArray' and 'number'.
src/app/api/gamification/events/[id]/score/route.ts(329,19): error TS2322: Type 'JsonValue' is not assignable to type 'number | undefined'.
  Type 'null' is not assignable to type 'number | undefined'.
src/app/api/gamification/events/[id]/score/route.ts(334,17): error TS2322: Type 'JsonValue' is not assignable to type 'number | undefined'.
  Type 'null' is not assignable to type 'number | undefined'.
src/app/api/gamification/events/[id]/score/route.ts(341,17): error TS2322: Type 'JsonValue' is not assignable to type 'number'.
  Type 'null' is not assignable to type 'number'.
src/app/api/gamification/events/[id]/score/route.ts(342,17): error TS2322: Type '"EVENT_REWARD"' is not assignable to type 'PointTransactionType'.
src/app/api/gamification/leaderboard/route.ts(290,9): error TS2353: Object literal may only specify known properties, and 'userId_type' does not exist in type 'LeaderboardEntryWhereUniqueInput'.
src/app/api/gamification/leaderboard/route.ts(302,9): error TS2353: Object literal may only specify known properties, and 'type' does not exist in type 'Without<LeaderboardEntryCreateInput, LeaderboardEntryUncheckedCreateInput> & LeaderboardEntryUncheckedCreateInput'.
src/app/api/gamification/leaderboard/route.ts(311,9): error TS2353: Object literal may only specify known properties, and 'type' does not exist in type 'LeaderboardEntryWhereInput'.
src/app/api/gamification/rewards/route.ts(34,22): error TS2339: Property 'usedAt' does not exist on type '{ reward: { id: string; achievementId: string; metadata: JsonValue; description: string | null; isActive: boolean; createdAt: Date; updatedAt: Date; rewardType: RewardType; rewardValue: number; }; } & { ...; }'.
src/app/api/gamification/rewards/route.ts(35,22): error TS2339: Property 'status' does not exist on type '{ reward: { id: string; achievementId: string; metadata: JsonValue; description: string | null; isActive: boolean; createdAt: Date; updatedAt: Date; rewardType: RewardType; rewardValue: number; }; } & { ...; }'.
src/app/api/gamification/rewards/route.ts(55,34): error TS2339: Property 'reward' does not exist on type 'PrismaClient<PrismaClientOptions, never, DefaultArgs>'.
src/app/api/gamification/rewards/route.ts(68,50): error TS7006: Parameter 'reward' implicitly has an 'any' type.
src/app/api/gamification/rewards/route.ts(106,33): error TS2339: Property 'reward' does not exist on type 'PrismaClient<PrismaClientOptions, never, DefaultArgs>'.
src/app/api/gamification/rewards/route.ts(191,11): error TS2353: Object literal may only specify known properties, and 'status' does not exist in type 'Without<UserRewardCreateInput, UserRewardUncheckedCreateInput> & UserRewardUncheckedCreateInput'.
src/app/api/gamification/rewards/route.ts(240,11): error TS2353: Object literal may only specify known properties, and 'status' does not exist in type '(Without<UserRewardUpdateInput, UserRewardUncheckedUpdateInput> & UserRewardUncheckedUpdateInput) | (Without<...> & UserRewardUpdateInput)'.
src/app/api/gamification/rewards/route.ts(266,13): error TS2353: Object literal may only specify known properties, and 'title' does not exist in type 'Without<UserAchievementCreateInput, UserAchievementUncheckedCreateInput> & UserAchievementUncheckedCreateInput'.
src/app/api/gamification/rewards/route.ts(283,11): error TS2353: Object literal may only specify known properties, and 'status' does not exist in type '(Without<UserRewardUpdateInput, UserRewardUncheckedUpdateInput> & UserRewardUncheckedUpdateInput) | (Without<...> & UserRewardUpdateInput)'.
src/app/api/gamification/rewards/route.ts(324,17): error TS2353: Object literal may only specify known properties, and 'status' does not exist in type '(Without<UserRewardUpdateInput, UserRewardUncheckedUpdateInput> & UserRewardUncheckedUpdateInput) | (Without<...> & UserRewardUpdateInput)'.
src/app/api/gamification/streaks/route.ts(86,9): error TS2353: Object literal may only specify known properties, and 'type' does not exist in type 'UserStreakWhereInput'.
src/app/api/gamification/streaks/route.ts(95,11): error TS2353: Object literal may only specify known properties, and 'type' does not exist in type 'Without<UserStreakCreateInput, UserStreakUncheckedCreateInput> & UserStreakUncheckedCreateInput'.
src/app/api/gamification/streaks/route.ts(103,48): error TS2551: Property 'lastActivityDate' does not exist on type '{ id: string; userId: string; metadata: JsonValue; isActive: boolean; createdAt: Date; updatedAt: Date; streakType: string; currentStreak: number; longestStreak: number; lastActivity: Date | null; }'. Did you mean 'lastActivity'?
src/app/api/gamification/streaks/route.ts(120,13): error TS2561: Object literal may only specify known properties, but 'lastActivityDate' does not exist in type '(Without<UserStreakUpdateInput, UserStreakUncheckedUpdateInput> & UserStreakUncheckedUpdateInput) | (Without<...> & UserStreakUpdateInput)'. Did you mean to write 'lastActivity'?
src/app/api/gamification/streaks/route.ts(130,13): error TS2561: Object literal may only specify known properties, but 'lastActivityDate' does not exist in type '(Without<UserStreakUpdateInput, UserStreakUncheckedUpdateInput> & UserStreakUncheckedUpdateInput) | (Without<...> & UserStreakUpdateInput)'. Did you mean to write 'lastActivity'?
src/app/api/gamification/streaks/route.ts(175,13): error TS2353: Object literal may only specify known properties, and 'title' does not exist in type 'Without<UserAchievementCreateInput, UserAchievementUncheckedCreateInput> & UserAchievementUncheckedCreateInput'.
src/app/api/groups/[id]/invites/route.ts(8,37): error TS2307: Cannot find module '@/lib/notification-service' or its corresponding type declarations.
src/app/api/groups/[id]/invites/route.ts(287,22): error TS18047: 'group' is possibly 'null'.
src/app/api/groups/[id]/invites/route.ts(298,14): error TS2339: Property 'userId' does not exist on type '{ role: "moderator" | "member"; email?: string | undefined; expiresAt?: string | undefined; }'.
src/app/api/groups/[id]/invites/route.ts(302,26): error TS2339: Property 'userId' does not exist on type '{ role: "moderator" | "member"; email?: string | undefined; expiresAt?: string | undefined; }'.
src/app/api/groups/[id]/invites/route.ts(303,13): error TS2322: Type '"GROUP_INVITE"' is not assignable to type 'NotificationType'.
src/app/api/groups/[id]/members/route.ts(8,37): error TS2307: Cannot find module '@/lib/notification-service' or its corresponding type declarations.
src/app/api/payments/history/route.ts(51,9): error TS2322: Type 'PaymentWhereClause' is not assignable to type 'PaymentTransactionWhereInput'.
  Types of property 'status' are incompatible.
    Type 'string | undefined' is not assignable to type 'EnumPaymentTransactionStatusFilter<"PaymentTransaction"> | PaymentTransactionStatus | undefined'.
      Type 'string' is not assignable to type 'EnumPaymentTransactionStatusFilter<"PaymentTransaction"> | PaymentTransactionStatus | undefined'.
src/app/api/payments/history/route.ts(57,41): error TS2322: Type 'PaymentWhereClause' is not assignable to type 'PaymentTransactionWhereInput'.
  Types of property 'status' are incompatible.
    Type 'string | undefined' is not assignable to type 'EnumPaymentTransactionStatusFilter<"PaymentTransaction"> | PaymentTransactionStatus | undefined'.
      Type 'string' is not assignable to type 'EnumPaymentTransactionStatusFilter<"PaymentTransaction"> | PaymentTransactionStatus | undefined'.
src/app/api/payments/history/route.ts(81,27): error TS2551: Property 'subscription' does not exist on type '{ id: string; userId: string | null; status: PaymentTransactionStatus; metadata: JsonValue; createdAt: Date; updatedAt: Date; failedAt: Date | null; ... 14 more ...; refundedAt: Date | null; }'. Did you mean 'subscriptionId'?
src/app/api/payments/history/route.ts(81,50): error TS2551: Property 'subscription' does not exist on type '{ id: string; userId: string | null; status: PaymentTransactionStatus; metadata: JsonValue; createdAt: Date; updatedAt: Date; failedAt: Date | null; ... 14 more ...; refundedAt: Date | null; }'. Did you mean 'subscriptionId'?
src/app/api/payments/history/route.ts(81,83): error TS2551: Property 'subscription' does not exist on type '{ id: string; userId: string | null; status: PaymentTransactionStatus; metadata: JsonValue; createdAt: Date; updatedAt: Date; failedAt: Date | null; ... 14 more ...; refundedAt: Date | null; }'. Did you mean 'subscriptionId'?
src/app/api/payments/plans/route.ts(58,39): error TS2345: Argument of type '{ id: string; metadata: JsonValue; createdAt: Date; updatedAt: Date; name: string; description: string; isActive: boolean; tier: SubscriptionTier; ... 7 more ...; maxDownloads: number | null; }' is not assignable to parameter of type 'PlanData'.
  Types of property 'maxCourses' are incompatible.
    Type 'number | null' is not assignable to type 'number | undefined'.
      Type 'null' is not assignable to type 'number | undefined'.
src/app/api/payments/process/route.ts(142,9): error TS2322: Type '{ transaction: { id: string; userId: string | null; status: $Enums.PaymentTransactionStatus; metadata: JsonValue | null; ... 17 more ...; refundedAt: Date | null; }; preference: PreferenceResponse; paymentUrl: string | undefined; }' is not assignable to type 'PaymentProviderResult'.
  Types of property 'transaction' are incompatible.
    Property 'method' is missing in type '{ id: string; userId: string | null; status: PaymentTransactionStatus; metadata: JsonValue; createdAt: Date; updatedAt: Date; failedAt: Date | null; ... 14 more ...; refundedAt: Date | null; }' but required in type '{ id: string; status: string; amount: number; provider: string; method: string; }'.
src/app/api/payments/process/route.ts(183,9): error TS2322: Type '{ transaction: { id: string; userId: string | null; status: $Enums.PaymentTransactionStatus; metadata: JsonValue | null; ... 17 more ...; refundedAt: Date | null; }; payment: any; paymentUrl: any; }' is not assignable to type 'PaymentProviderResult'.
  Types of property 'transaction' are incompatible.
    Property 'method' is missing in type '{ id: string; userId: string | null; status: PaymentTransactionStatus; metadata: JsonValue; createdAt: Date; updatedAt: Date; failedAt: Date | null; ... 14 more ...; refundedAt: Date | null; }' but required in type '{ id: string; status: string; amount: number; provider: string; method: string; }'.
src/app/api/payments/status/route.ts(92,22): error TS2769: No overload matches this call.
  Overload 1 of 4, '(value: string | number | Date): Date', gave the following error.
    Argument of type 'null' is not assignable to parameter of type 'string | number | Date'.
  Overload 2 of 4, '(value: string | number): Date', gave the following error.
    Argument of type 'null' is not assignable to parameter of type 'string | number'.
src/app/api/payments/status/route.ts(95,22): error TS2769: No overload matches this call.
  Overload 1 of 4, '(value: string | number | Date): Date', gave the following error.
    Argument of type 'null' is not assignable to parameter of type 'string | number | Date'.
  Overload 2 of 4, '(value: string | number): Date', gave the following error.
    Argument of type 'null' is not assignable to parameter of type 'string | number'.
src/app/api/push/send/route.ts(2,21): error TS7016: Could not find a declaration file for module 'web-push'. '/Users/rodrigojosedossantospires/Desktop/Caminhos de Hekate/node_modules/.pnpm/web-push@3.6.7/node_modules/web-push/src/index.js' implicitly has an 'any' type.
  Try `npm i --save-dev @types/web-push` if it exists or add a new declaration (.d.ts) file containing `declare module 'web-push';`
src/app/api/push/send/route.ts(50,44): error TS2367: This comparison appears to be unintentional because the types '"EDITOR" | "MEMBER" | "VISITOR"' and '"MODERATOR"' have no overlap.
src/app/api/sms/send/route.ts(31,44): error TS2367: This comparison appears to be unintentional because the types '"EDITOR" | "MEMBER" | "VISITOR"' and '"MODERATOR"' have no overlap.
src/app/dashboard/gamification/achievements/page.tsx(36,3): error TS2561: Object literal may only specify known properties, but 'common' does not exist in type 'Record<AchievementRarity, { label: string; color: string; }>'. Did you mean to write 'COMMON'?
src/app/gamification/achievements/page.tsx(7,33): error TS2307: Cannot find module '@/components/gamification/BadgeCollection' or its corresponding type declarations.
src/app/gamification/achievements/page.tsx(197,11): error TS2322: Type '{ key: any; achievement: any; showProgress: boolean; onClick: () => void; }' is not assignable to type 'IntrinsicAttributes & AchievementCardProps'.
  Property 'showProgress' does not exist on type 'IntrinsicAttributes & AchievementCardProps'.
src/app/gamification/events/page.tsx(191,37): error TS7006: Parameter 'reward' implicitly has an 'any' type.
src/app/gamification/events/page.tsx(191,45): error TS7006: Parameter 'index' implicitly has an 'any' type.
src/app/gamification/leaderboard/page.tsx(220,28): error TS2339: Property 'id' does not exist on type 'never'.
src/app/gamification/leaderboard/page.tsx(222,35): error TS2339: Property 'position' does not exist on type 'never'.
src/app/gamification/leaderboard/page.tsx(225,40): error TS2339: Property 'avatar' does not exist on type 'never'.
src/app/gamification/leaderboard/page.tsx(227,25): error TS2339: Property 'name' does not exist on type 'never'.
src/app/gamification/leaderboard/page.tsx(227,45): error TS7006: Parameter 'n' implicitly has an 'any' type.
src/app/gamification/leaderboard/page.tsx(230,56): error TS2339: Property 'name' does not exist on type 'never'.
src/app/gamification/leaderboard/page.tsx(231,77): error TS2339: Property 'level' does not exist on type 'never'.
src/app/gamification/leaderboard/page.tsx(232,67): error TS2339: Property 'points' does not exist on type 'never'.
src/app/gamification/leaderboard/page.tsx(234,23): error TS2339: Property 'badge' does not exist on type 'never'.
src/app/gamification/leaderboard/page.tsx(301,7): error TS2322: Type '{ users: any[]; currentUserId: string; showUserRank: boolean; period: any; category: any; }' is not assignable to type 'IntrinsicAttributes & LeaderboardProps'.
  Property 'users' does not exist on type 'IntrinsicAttributes & LeaderboardProps'.
src/app/gamification/leaderboard/page.tsx(351,15): error TS2322: Type '{ onFilterChange: (filters: any) => void; }' is not assignable to type 'IntrinsicAttributes & RankingFiltersProps'.
  Property 'onFilterChange' does not exist on type 'IntrinsicAttributes & RankingFiltersProps'.
src/app/gamification/leaderboard/page.tsx(351,32): error TS7006: Parameter 'filters' implicitly has an 'any' type.
src/app/gamification/profile/page.tsx(135,44): error TS7006: Parameter 'n' implicitly has an 'any' type.
src/app/gamification/profile/page.tsx(282,13): error TS2322: Type '{ currentStreak: number; longestStreak: number; showMotivation: boolean; compact: boolean; }' is not assignable to type 'IntrinsicAttributes & StreakCounterProps'.
  Property 'currentStreak' does not exist on type 'IntrinsicAttributes & StreakCounterProps'.
src/app/gamification/profile/page.tsx(543,21): error TS2322: Type '{ currentLevel: number; currentXP: number; nextLevelXP: number; showDetails: boolean; }' is not assignable to type 'IntrinsicAttributes'.
  Property 'currentLevel' does not exist on type 'IntrinsicAttributes'.
src/app/gamification/profile/page.tsx(561,19): error TS2322: Type '{ totalPoints: number; weeklyPoints: number; monthlyPoints: number; showBreakdown: boolean; }' is not assignable to type 'IntrinsicAttributes & PointsDisplayProps'.
  Property 'totalPoints' does not exist on type 'IntrinsicAttributes & PointsDisplayProps'.
src/app/gamification/profile/page.tsx(572,15): error TS2322: Type '{ userId: string; showProgress: boolean; filterByCategory: boolean; }' is not assignable to type 'IntrinsicAttributes & BadgeCollectionProps'.
  Property 'userId' does not exist on type 'IntrinsicAttributes & BadgeCollectionProps'.
src/app/gamification/profile/page.tsx(586,21): error TS2322: Type '{ currentStreak: number; longestStreak: number; showMotivation: boolean; }' is not assignable to type 'IntrinsicAttributes & StreakCounterProps'.
  Property 'currentStreak' does not exist on type 'IntrinsicAttributes & StreakCounterProps'.
src/app/gamification/profile/page.tsx(598,21): error TS2322: Type '{ userId: string; showLegend: boolean; }' is not assignable to type 'IntrinsicAttributes & StreakCalendarProps'.
  Property 'userId' does not exist on type 'IntrinsicAttributes & StreakCalendarProps'.
src/components/analytics/AnalyticsDashboard.tsx(261,24): error TS2322: Type 'AnalyticsEventItem[]' is not assignable to type 'Event[]'.
  Type 'AnalyticsEventItem' is not assignable to type 'Event'.
    Types of property 'timestamp' are incompatible.
      Type 'string' is not assignable to type 'Date'.
src/components/email/DynamicEmailPreview.tsx(54,12): error TS2554: Expected 1 arguments, but got 0.
src/components/email/DynamicEmailPreview.tsx(92,34): error TS7053: Element implicitly has an 'any' type because expression of type 'string' can't be used to index type '{ '{{user.name}}': string; '{{user.email}}': string; '{{user.firstName}}': string; '{{user.lastName}}': string; '{{user.id}}': string; '{{site.name}}': string; '{{site.url}}': string; '{{contact.email}}': string; ... 26 more ...; '{{points.total}}': string; }'.
  No index signature with a parameter of type 'string' was found on type '{ '{{user.name}}': string; '{{user.email}}': string; '{{user.firstName}}': string; '{{user.lastName}}': string; '{{user.id}}': string; '{{site.name}}': string; '{{site.url}}': string; '{{contact.email}}': string; ... 26 more ...; '{{points.total}}': string; }'.
src/components/email/DynamicEmailPreview.tsx(102,35): error TS7053: Element implicitly has an 'any' type because expression of type 'string' can't be used to index type '{ '{{user.name}}': string; '{{user.email}}': string; '{{user.firstName}}': string; '{{user.lastName}}': string; '{{user.id}}': string; '{{site.name}}': string; '{{site.url}}': string; '{{contact.email}}': string; ... 26 more ...; '{{points.total}}': string; }'.
  No index signature with a parameter of type 'string' was found on type '{ '{{user.name}}': string; '{{user.email}}': string; '{{user.firstName}}': string; '{{user.lastName}}': string; '{{user.id}}': string; '{{site.name}}': string; '{{site.url}}': string; '{{contact.email}}': string; ... 26 more ...; '{{points.total}}': string; }'.
src/components/email/DynamicEmailPreview.tsx(103,33): error TS7053: Element implicitly has an 'any' type because expression of type 'string' can't be used to index type '{ '{{user.name}}': string; '{{user.email}}': string; '{{user.firstName}}': string; '{{user.lastName}}': string; '{{user.id}}': string; '{{site.name}}': string; '{{site.url}}': string; '{{contact.email}}': string; ... 26 more ...; '{{points.total}}': string; }'.
  No index signature with a parameter of type 'string' was found on type '{ '{{user.name}}': string; '{{user.email}}': string; '{{user.firstName}}': string; '{{user.lastName}}': string; '{{user.id}}': string; '{{site.name}}': string; '{{site.url}}': string; '{{contact.email}}': string; ... 26 more ...; '{{points.total}}': string; }'.
src/components/email/DynamicEmailPreview.tsx(127,33): error TS2339: Property 'map' does not exist on type 'string'.
src/components/email/DynamicEmailPreview.tsx(127,38): error TS7006: Parameter 'variable' implicitly has an 'any' type.
src/components/email/EmailTemplateEditor.tsx(60,28): error TS2339: Property 'description' does not exist on type 'EmailTemplate'.
src/components/email/EmailTemplateEditor.tsx(61,56): error TS2304: Cannot find name 'EmailCategory'.
src/components/email/EmailTemplateEditor.tsx(65,23): error TS2339: Property 'status' does not exist on type 'EmailTemplate'.
src/components/email/EmailTemplateEditor.tsx(65,44): error TS2552: Cannot find name 'EmailTemplateStatus'. Did you mean 'EmailTemplate'?
src/components/email/EmailTemplateEditor.tsx(79,11): error TS2552: Cannot find name 'templateId'. Did you mean 'template'?
src/components/email/EmailTemplateEditor.tsx(79,25): error TS2552: Cannot find name 'templateId'. Did you mean 'template'?
src/components/email/EmailTemplateEditor.tsx(81,54): error TS2552: Cannot find name 'templateId'. Did you mean 'template'?
src/components/email/EmailTemplateEditor.tsx(86,45): error TS2339: Property 'description' does not exist on type 'EmailTemplate'.
src/components/email/EmailTemplateEditor.tsx(91,40): error TS2339: Property 'status' does not exist on type 'EmailTemplate'.
src/components/email/EmailTemplateEditor.tsx(97,28): error TS2345: Argument of type 'Record<string, any>' is not assignable to parameter of type 'SetStateAction<Variable[]>'.
  Type 'Record<string, any>' is missing the following properties from type 'Variable[]': length, pop, push, concat, and 35 more.
src/components/email/EmailTemplateEditor.tsx(108,7): error TS2552: Cannot find name 'templateId'. Did you mean 'template'?
src/components/email/EmailTemplateEditor.tsx(219,9): error TS2353: Object literal may only specify known properties, and 'description' does not exist in type 'CreateEmailTemplateData'.
src/components/email/EmailTemplateEditor.tsx(235,11): error TS2552: Cannot find name 'templateId'. Did you mean 'templateData'?
src/components/email/EmailTemplateEditor.tsx(236,30): error TS2552: Cannot find name 'templateId'. Did you mean 'templateData'?
src/components/email/EmailTemplateEditor.tsx(236,42): error TS2554: Expected 1 arguments, but got 2.
src/components/email/EmailTemplateEditor.tsx(253,45): error TS2345: Argument of type '{ subject: string; htmlContent: string; textContent: string; variables: { '{{user.name}}': string; '{{user.email}}': string; '{{user.firstName}}': string; '{{user.lastName}}': string; '{{user.id}}': string; ... 29 more ...; '{{points.total}}': string; }; }' is not assignable to parameter of type 'CreateEmailTemplateData & { variables?: Record<string, any> | undefined; }'.
  Type '{ subject: string; htmlContent: string; textContent: string; variables: { '{{user.name}}': string; '{{user.email}}': string; '{{user.firstName}}': string; '{{user.lastName}}': string; '{{user.id}}': string; ... 29 more ...; '{{points.total}}': string; }; }' is missing the following properties from type 'CreateEmailTemplateData': name, slug, category, tags
src/components/email/EmailTemplateEditor.tsx(263,46): error TS2339: Property 'htmlContent' does not exist on type '{ html: string; text?: string | undefined; }'.
src/components/email/EmailTemplateEditor.tsx(264,48): error TS2339: Property 'subject' does not exist on type '{ html: string; text?: string | undefined; }'.
src/components/email/EmailTemplateEditor.tsx(281,9): error TS2353: Object literal may only specify known properties, and 'toEmail' does not exist in type 'CreateEmailTemplateData & { variables?: Record<string, any> | undefined; testEmail: string; }'.
src/components/email/EmailTemplateManager.tsx(13,36): error TS2305: Module '"lucide-react"' has no exported member 'FileTemplate'.
src/components/email/EmailTemplateManager.tsx(124,32): error TS2554: Expected 1 arguments, but got 0.
src/components/email/EmailTemplateManager.tsx(154,9): error TS2322: Type '{ predefinedTemplates: PredefinedTemplate[]; onApplyTemplate: (predefinedTemplate: PredefinedTemplate) => void; }' is not assignable to type 'IntrinsicAttributes & EmailTemplateSelectorProps'.
  Property 'predefinedTemplates' does not exist on type 'IntrinsicAttributes & EmailTemplateSelectorProps'.
src/components/email/EmailTemplateManager.tsx(298,38): error TS2339: Property 'map' does not exist on type 'string'.
src/components/email/EmailTemplateManager.tsx(298,43): error TS7006: Parameter 'variable' implicitly has an 'any' type.
src/components/email/EmailTemplateManager.tsx(337,34): error TS2339: Property 'map' does not exist on type 'string'.
src/components/email/EmailTemplateManager.tsx(337,39): error TS7006: Parameter 'variable' implicitly has an 'any' type.
src/components/email/EmailTemplateManager.tsx(345,48): error TS7053: Element implicitly has an 'any' type because expression of type 'any' can't be used to index type '{ '{{user.name}}': string; '{{user.email}}': string; '{{user.firstName}}': string; '{{user.lastName}}': string; '{{user.id}}': string; '{{site.name}}': string; '{{site.url}}': string; '{{contact.email}}': string; ... 26 more ...; '{{points.total}}': string; }'.
src/components/email/EmailTemplateSelector.tsx(9,10): error TS2305: Module '"lucide-react"' has no exported member 'FileTemplate'.
src/components/gamification/achievements/AchievementBadge.tsx(94,10): error TS2678: Type '"common"' is not comparable to type 'AchievementRarity'.
src/components/gamification/achievements/AchievementBadge.tsx(95,10): error TS2678: Type '"rare"' is not comparable to type 'AchievementRarity'.
src/components/gamification/achievements/AchievementBadge.tsx(96,10): error TS2678: Type '"epic"' is not comparable to type 'AchievementRarity'.
src/components/gamification/achievements/AchievementBadge.tsx(97,10): error TS2678: Type '"legendary"' is not comparable to type 'AchievementRarity'.
src/components/gamification/achievements/AchievementBadge.tsx(98,10): error TS2678: Type '"mythic"' is not comparable to type 'AchievementRarity'.
src/components/gamification/achievements/AchievementBadge.tsx(128,38): error TS2551: Property 'COMMON' does not exist on type '{ common: { icon: LucideIcon; color: string; bgColor: string; borderColor: string; badgeColor: string; }; rare: { icon: LucideIcon; color: string; bgColor: string; borderColor: string; badgeColor: string; }; epic: { ...; }; legendary: { ...; }; mythic: { ...; }; }'. Did you mean 'common'?
src/components/gamification/achievements/BadgeCollection.tsx(51,30): error TS2344: Type 'AchievementCategory' does not satisfy the constraint 'string | number | symbol'.
src/components/gamification/achievements/BadgeCollection.tsx(62,10): error TS2678: Type 'string' is not comparable to type 'AchievementCategory'.
src/components/gamification/achievements/BadgeCollection.tsx(64,10): error TS2678: Type 'string' is not comparable to type 'AchievementCategory'.
src/components/gamification/achievements/BadgeCollection.tsx(66,10): error TS2678: Type 'string' is not comparable to type 'AchievementCategory'.
src/components/gamification/achievements/BadgeCollection.tsx(68,10): error TS2678: Type 'string' is not comparable to type 'AchievementCategory'.
src/components/gamification/achievements/BadgeCollection.tsx(70,10): error TS2678: Type 'string' is not comparable to type 'AchievementCategory'.
src/components/gamification/achievements/BadgeCollection.tsx(72,10): error TS2678: Type 'string' is not comparable to type 'AchievementCategory'.
src/components/gamification/achievements/BadgeCollection.tsx(75,7): error TS2322: Type 'AchievementCategory' is not assignable to type 'string'.
src/components/gamification/achievements/BadgeCollection.tsx(194,25): error TS2344: Type 'AchievementCategory' does not satisfy the constraint 'string | number | symbol'.
src/components/gamification/achievements/BadgeCollection.tsx(204,13): error TS2538: Type 'AchievementCategory' cannot be used as an index type.
src/components/gamification/achievements/BadgeCollection.tsx(204,13): error TS2538: Type 'undefined' cannot be used as an index type.
src/components/gamification/achievements/BadgeCollection.tsx(206,15): error TS2538: Type 'AchievementCategory' cannot be used as an index type.
src/components/gamification/achievements/BadgeCollection.tsx(206,15): error TS2538: Type 'undefined' cannot be used as an index type.
src/components/gamification/achievements/BadgeCollection.tsx(395,54): error TS2352: Conversion of type 'string' to type 'AchievementCategory' may be a mistake because neither type sufficiently overlaps with the other. If this was intentional, convert the expression to 'unknown' first.
src/components/gamification/achievements/BadgeCollection.tsx(395,54): error TS2538: Type 'AchievementCategory' cannot be used as an index type.
src/components/gamification/achievements/BadgeCollection.tsx(396,36): error TS18046: 'stats' is of type 'unknown'.
src/components/gamification/achievements/BadgeCollection.tsx(396,66): error TS18046: 'stats' is of type 'unknown'.
src/components/gamification/achievements/BadgeCollection.tsx(396,83): error TS18046: 'stats' is of type 'unknown'.
src/components/gamification/achievements/BadgeCollection.tsx(400,60): error TS2352: Conversion of type 'string' to type 'AchievementCategory' may be a mistake because neither type sufficiently overlaps with the other. If this was intentional, convert the expression to 'unknown' first.
src/components/gamification/achievements/BadgeCollection.tsx(406,47): error TS2352: Conversion of type 'string' to type 'AchievementCategory' may be a mistake because neither type sufficiently overlaps with the other. If this was intentional, convert the expression to 'unknown' first.
src/components/gamification/achievements/BadgeCollection.tsx(410,28): error TS18046: 'stats' is of type 'unknown'.
src/components/gamification/achievements/BadgeCollection.tsx(410,45): error TS18046: 'stats' is of type 'unknown'.
src/components/gamification/animations/index.ts(7,15): error TS2724: '"./ParticleEffect"' has no exported member named 'ParticleEffectProps'. Did you mean 'ParticleEffect'?
src/components/gamification/animations/index.ts(8,15): error TS2724: '"./ConfettiCelebration"' has no exported member named 'ConfettiCelebrationProps'. Did you mean 'ConfettiCelebration'?
src/components/gamification/animations/index.ts(9,15): error TS2724: '"./BadgeUnlockAnimation"' has no exported member named 'BadgeUnlockAnimationProps'. Did you mean 'BadgeUnlockAnimation'?
src/components/gamification/charts/ProgressChart.tsx(111,16): error TS2339: Property 'progressHistory' does not exist on type 'GamificationStats'.
src/components/gamification/charts/ProgressChart.tsx(111,41): error TS2339: Property 'progressHistory' does not exist on type 'GamificationStats'.
src/components/gamification/charts/ProgressChart.tsx(115,18): error TS2339: Property 'progressHistory' does not exist on type 'GamificationStats'.
src/components/gamification/charts/ProgressChart.tsx(115,38): error TS7006: Parameter 'entry' implicitly has an 'any' type.
src/components/gamification/dashboard/PointsDisplay.tsx(153,33): error TS2339: Property 'level' does not exist on type 'UserPoints'.
src/components/gamification/dashboard/PointsDisplay.tsx(189,31): error TS2339: Property 'availablePoints' does not exist on type 'UserPoints'.
src/components/gamification/dashboard/PointsDisplay.tsx(201,31): error TS2339: Property 'level' does not exist on type 'UserPoints'.
src/components/gamification/ExpandedAchievementDashboard.tsx(367,21): error TS2741: Property 'unlocked' is missing in type 'Achievement' but required in type '{ id: string; name: string; description: string; rarity: string; points: number; unlocked: boolean; unlockedAt?: string | undefined; progress?: number | undefined; maxProgress?: number | undefined; }'.
src/components/gamification/ExpandedAchievementDashboard.tsx(385,29): error TS2339: Property 'badges' does not exist on type 'UserStats'.
src/components/gamification/ExpandedAchievementDashboard.tsx(385,42): error TS7006: Parameter 'badge' implicitly has an 'any' type.
src/components/gamification/GamificationDashboard.tsx(58,5): error TS2339: Property 'streaks' does not exist on type 'GamificationState'.
src/components/gamification/GamificationDashboard.tsx(61,5): error TS2339: Property 'initializeGamification' does not exist on type 'GamificationState'.
src/components/gamification/GamificationDashboard.tsx(438,64): error TS7006: Parameter 's' implicitly has an 'any' type.
src/components/gamification/GamificationDashboard.tsx(442,74): error TS7006: Parameter 's' implicitly has an 'any' type.
src/components/gamification/GamificationDashboard.tsx(446,60): error TS2339: Property 'availablePoints' does not exist on type 'UserPoints'.
src/components/gamification/Leaderboard.tsx(67,5): error TS2339: Property 'userRank' does not exist on type 'GamificationState'.
src/components/gamification/Leaderboard.tsx(68,5): error TS2339: Property 'isLoading' does not exist on type 'GamificationState'.
src/components/gamification/Leaderboard.tsx(70,5): error TS2339: Property 'fetchUserRank' does not exist on type 'GamificationState'.
src/components/gamification/Leaderboard.tsx(82,40): error TS2554: Expected 0-2 arguments, but got 3.
src/components/gamification/Leaderboard.tsx(197,11): error TS2322: Type 'string' is not assignable to type 'LeaderboardCategory'.
src/components/gamification/Leaderboard.tsx(198,36): error TS2339: Property 'totalUsers' does not exist on type 'LeaderboardEntry[]'.
src/components/gamification/Leaderboard.tsx(200,46): error TS2339: Property 'find' does not exist on type '() => ArrayIterator<[number, LeaderboardEntry]>'.
src/components/gamification/Leaderboard.tsx(200,51): error TS7006: Parameter 'e' implicitly has an 'any' type.
src/components/gamification/Leaderboard.tsx(201,46): error TS2339: Property 'find' does not exist on type '() => ArrayIterator<[number, LeaderboardEntry]>'.
src/components/gamification/Leaderboard.tsx(201,51): error TS7006: Parameter 'e' implicitly has an 'any' type.
src/components/gamification/Leaderboard.tsx(210,9): error TS2322: Type 'string' is not assignable to type 'LeaderboardCategory'.
src/components/gamification/Leaderboard.tsx(211,9): error TS2322: Type 'string' is not assignable to type 'LeaderboardPeriod'.
src/components/gamification/Leaderboard.tsx(233,24): error TS7053: Element implicitly has an 'any' type because expression of type 'string' can't be used to index type '{ general: { label: string; icon: LucideIcon; }; learning: { label: string; icon: LucideIcon; }; engagement: { label: string; icon: LucideIcon; }; social: { label: string; icon: LucideIcon; }; }'.
  No index signature with a parameter of type 'string' was found on type '{ general: { label: string; icon: LucideIcon; }; learning: { label: string; icon: LucideIcon; }; engagement: { label: string; icon: LucideIcon; }; social: { label: string; icon: LucideIcon; }; }'.
src/components/gamification/Leaderboard.tsx(240,36): error TS2339: Property 'map' does not exist on type '() => ArrayIterator<[number, LeaderboardEntry]>'.
src/components/gamification/Leaderboard.tsx(240,41): error TS7006: Parameter 'entry' implicitly has an 'any' type.
src/components/gamification/Leaderboard.tsx(244,19): error TS2322: Type 'string' is not assignable to type '"general" | "learning" | "engagement" | "social" | undefined'.
src/components/gamification/Leaderboard.tsx(246,35): error TS7006: Parameter 'userId' implicitly has an 'any' type.
src/components/gamification/Leaderboard.tsx(259,39): error TS2339: Property 'totalPages' does not exist on type 'LeaderboardEntry[]'.
src/components/gamification/Leaderboard.tsx(273,47): error TS2339: Property 'totalPages' does not exist on type 'LeaderboardEntry[]'.
src/components/gamification/Leaderboard.tsx(279,66): error TS2339: Property 'totalPages' does not exist on type 'LeaderboardEntry[]'.
src/components/gamification/Leaderboard.tsx(280,48): error TS2339: Property 'totalPages' does not exist on type 'LeaderboardEntry[]'.
src/components/gamification/leaderboard/LeaderboardEntry.tsx(179,28): error TS2339: Property 'achievementCount' does not exist on type 'LeaderboardEntry'.
src/components/gamification/leaderboard/LeaderboardEntry.tsx(184,28): error TS2339: Property 'badgeCount' does not exist on type 'LeaderboardEntry'.
src/components/gamification/leaderboard/LeaderboardEntry.tsx(202,28): error TS2339: Property 'pointsChange' does not exist on type 'LeaderboardEntry'.
src/components/gamification/leaderboard/LeaderboardEntry.tsx(205,19): error TS2339: Property 'pointsChange' does not exist on type 'LeaderboardEntry'.
src/components/gamification/leaderboard/LeaderboardEntry.tsx(206,19): error TS2339: Property 'pointsChange' does not exist on type 'LeaderboardEntry'.
src/components/gamification/leaderboard/LeaderboardEntry.tsx(211,21): error TS2339: Property 'pointsChange' does not exist on type 'LeaderboardEntry'.
src/components/gamification/leaderboard/LeaderboardEntry.tsx(213,20): error TS2339: Property 'pointsChange' does not exist on type 'LeaderboardEntry'.
src/components/gamification/leaderboard/LeaderboardEntry.tsx(213,55): error TS2339: Property 'pointsChange' does not exist on type 'LeaderboardEntry'.
src/components/gamification/leaderboard/LeaderboardPreview.tsx(86,56): error TS2554: Expected 0-2 arguments, but got 4.
src/components/gamification/leaderboard/LeaderboardPreview.tsx(193,22): error TS2304: Cannot find name 'getRankIcon'.
src/components/gamification/leaderboard/LeaderboardPreview.tsx(220,52): error TS2304: Cannot find name 'getRankBadgeColor'.
src/components/gamification/leaderboard/UserRankCard.tsx(179,42): error TS2339: Property 'user' does not exist on type 'LeaderboardEntry'.
src/components/gamification/leaderboard/UserRankCard.tsx(181,27): error TS2339: Property 'user' does not exist on type 'LeaderboardEntry'.
src/components/gamification/leaderboard/UserRankCard.tsx(181,68): error TS2339: Property 'user' does not exist on type 'LeaderboardEntry'.
src/components/gamification/leaderboard/UserRankCard.tsx(193,25): error TS2339: Property 'user' does not exist on type 'LeaderboardEntry'.
src/components/gamification/leaderboard/UserRankCard.tsx(196,31): error TS2339: Property 'user' does not exist on type 'LeaderboardEntry'.
src/components/gamification/leaderboard/UserRankCard.tsx(263,54): error TS2339: Property 'user' does not exist on type 'LeaderboardEntry'.
src/components/gamification/leaderboard/UserRankCard.tsx(265,39): error TS2339: Property 'user' does not exist on type 'LeaderboardEntry'.
src/components/gamification/leaderboard/UserRankCard.tsx(269,37): error TS2339: Property 'user' does not exist on type 'LeaderboardEntry'.
src/components/gamification/leaderboard/UserRankCard.tsx(285,48): error TS2339: Property 'user' does not exist on type 'LeaderboardEntry'.
src/components/gamification/leaderboard/UserRankCard.tsx(287,33): error TS2339: Property 'user' does not exist on type 'LeaderboardEntry'.
src/components/gamification/leaderboard/UserRankCard.tsx(304,54): error TS2339: Property 'user' does not exist on type 'LeaderboardEntry'.
src/components/gamification/leaderboard/UserRankCard.tsx(306,39): error TS2339: Property 'user' does not exist on type 'LeaderboardEntry'.
src/components/gamification/leaderboard/UserRankCard.tsx(310,37): error TS2339: Property 'user' does not exist on type 'LeaderboardEntry'.
src/components/gamification/leaderboard/UserRankCard.tsx(330,53): error TS2339: Property 'user' does not exist on type 'LeaderboardEntry'.
src/components/gamification/notifications/AchievementNotification.tsx(129,32): error TS2551: Property 'COMMON' does not exist on type '{ common: { icon: LucideIcon; color: string; bgColor: string; borderColor: string; gradientFrom: string; gradientTo: string; label: string; particles: string; }; rare: { icon: LucideIcon; ... 6 more ...; particles: string; }; epic: { ...; }; legendary: { ...; }; mythic: { ...; }; }'. Did you mean 'common'?
src/components/gamification/notifications/AchievementNotification.tsx(131,41): error TS2551: Property 'COMMON' does not exist on type '{ common: string[]; rare: string[]; epic: string[]; legendary: string[]; mythic: string[]; }'. Did you mean 'common'?
src/components/gamification/notifications/AchievementNotification.tsx(147,23): error TS2367: This comparison appears to be unintentional because the types 'AchievementRarity' and '"legendary"' have no overlap.
src/components/gamification/notifications/AchievementNotification.tsx(147,61): error TS2367: This comparison appears to be unintentional because the types 'AchievementRarity' and '"mythic"' have no overlap.
src/components/gamification/notifications/index.ts(4,10): error TS2614: Module '"./NotificationToast"' has no exported member 'NotificationToastContent'. Did you mean to use 'import NotificationToastContent from "./NotificationToast"' instead?
src/components/gamification/notifications/index.ts(21,3): error TS2724: '"./AchievementNotification"' has no exported member named 'AchievementNotificationProps'. Did you mean 'AchievementNotification'?
src/components/gamification/notifications/index.ts(25,3): error TS2724: '"./LevelUpNotification"' has no exported member named 'LevelUpNotificationProps'. Did you mean 'LevelUpNotification'?
src/components/gamification/notifications/index.ts(29,3): error TS2724: '"./NotificationSystem"' has no exported member named 'NotificationSystemProps'. Did you mean 'NotificationSystem'?
src/components/gamification/notifications/NotificationSystem.tsx(7,10): error TS2614: Module '"./NotificationToast"' has no exported member 'NotificationToastContent'. Did you mean to use 'import NotificationToastContent from "./NotificationToast"' instead?
src/components/gamification/notifications/NotificationToast.tsx(79,14): error TS2367: This comparison appears to be unintentional because the types 'AchievementRarity | undefined' and '"legendary"' have no overlap.
src/components/gamification/notifications/NotificationToast.tsx(95,26): error TS2551: Property 'COMMON' does not exist on type '{ common: { color: string; bgColor: string; borderColor: string; label: string; }; rare: { color: string; bgColor: string; borderColor: string; label: string; }; epic: { color: string; bgColor: string; borderColor: string; label: string; }; legendary: { ...; }; mythic: { ...; }; }'. Did you mean 'common'?
src/components/gamification/notifications/NotificationToast.tsx(164,30): error TS2551: Property 'COMMON' does not exist on type '{ common: { color: string; bgColor: string; borderColor: string; label: string; }; rare: { color: string; bgColor: string; borderColor: string; label: string; }; epic: { color: string; bgColor: string; borderColor: string; label: string; }; legendary: { ...; }; mythic: { ...; }; }'. Did you mean 'common'?
src/components/gamification/streaks/index.ts(11,10): error TS2304: Cannot find name 'default'.
src/hooks/useGamification.ts(122,11): error TS2322: Type 'null' is not assignable to type 'string'.
src/hooks/useSystemSettings.ts(63,11): error TS2322: Type 'number' is not assignable to type 'string'.
src/hooks/useSystemSettings.ts(65,11): error TS2322: Type 'boolean' is not assignable to type 'string'.
src/lib/auth-middleware.ts(216,13): error TS2353: Object literal may only specify known properties, and 'instructorId' does not exist in type 'CourseWhereInput'.
src/lib/auth-middleware.ts(225,13): error TS2561: Object literal may only specify known properties, but 'createdById' does not exist in type 'GroupWhereInput'. Did you mean to write 'createdBy'?
src/lib/auth-middleware.ts(234,13): error TS2561: Object literal may only specify known properties, but 'createdById' does not exist in type 'EventWhereInput'. Did you mean to write 'createdBy'?
src/lib/gamification-engine.ts(333,13): error TS2322: Type 'null' is not assignable to type 'string | Date'.
src/lib/gamification/achievement-engine.ts(337,44): error TS2551: Property 'userProgress' does not exist on type 'PrismaClient<PrismaClientOptions, never, DefaultArgs>'. Did you mean 'progress'?
src/lib/gamification/achievement-engine.ts(407,45): error TS2551: Property 'userProgress' does not exist on type 'PrismaClient<PrismaClientOptions, never, DefaultArgs>'. Did you mean 'progress'?
ELIFECYCLE Command failed with exit code 2.

> @hekate/web@1.0.0 type-check /Users/rodrigojosedossantospires/Desktop/Caminhos de Hekate/apps/web
> tsc --noEmit

src/app/(dashboard)/email-templates/page.tsx(468,15): error TS2322: Type 'import("/Users/rodrigojosedossantospires/Desktop/Caminhos de Hekate/apps/web/src/lib/email").EmailTemplate | undefined' is not assignable to type 'import("/Users/rodrigojosedossantospires/Desktop/Caminhos de Hekate/apps/web/src/hooks/useEmailTemplates").EmailTemplate | undefined'.
  Type 'import("/Users/rodrigojosedossantospires/Desktop/Caminhos de Hekate/apps/web/src/lib/email").EmailTemplate' is not assignable to type 'import("/Users/rodrigojosedossantospires/Desktop/Caminhos de Hekate/apps/web/src/hooks/useEmailTemplates").EmailTemplate'.
    Types of property 'category' are incompatible.
      Type 'string' is not assignable to type '"TRANSACTIONAL" | "MARKETING" | "NOTIFICATION" | "SYSTEM" | "WELCOME" | "CONFIRMATION" | "REMINDER" | "NEWSLETTER"'.
src/app/(dashboard)/email-templates/page.tsx(469,15): error TS2322: Type '(templateData: EmailTemplate | Partial<EmailTemplate>) => Promise<void>' is not assignable to type '(template: EmailTemplate | Partial<EmailTemplate>) => void'.
  Types of parameters 'templateData' and 'template' are incompatible.
    Type 'import("/Users/rodrigojosedossantospires/Desktop/Caminhos de Hekate/apps/web/src/hooks/useEmailTemplates").EmailTemplate | Partial<import("/Users/rodrigojosedossantospires/Desktop/Caminhos de Hekate/apps/web/src/hooks/useEmailTemplates").EmailTemplate>' is not assignable to type 'import("/Users/rodrigojosedossantospires/Desktop/Caminhos de Hekate/apps/web/src/lib/email").EmailTemplate | Partial<import("/Users/rodrigojosedossantospires/Desktop/Caminhos de Hekate/apps/web/src/lib/email").EmailTemplate>'.
      Type 'EmailTemplate' is not assignable to type 'EmailTemplate | Partial<EmailTemplate>'.
        Type 'EmailTemplate' is not assignable to type 'Partial<EmailTemplate>'.
          Types of property 'createdAt' are incompatible.
            Type 'string' is not assignable to type 'Date'.
src/app/admin/email-templates/dynamic/page.tsx(297,13): error TS2719: Type '(template: EmailTemplate) => void' is not assignable to type '(template: EmailTemplate) => void'. Two different types with this name exist, but they are unrelated.
  Types of parameters 'template' and 'template' are incompatible.
    Type 'EmailTemplate' is missing the following properties from type 'EmailTemplate': createdAt, updatedAt
src/app/admin/email-templates/dynamic/page.tsx(338,17): error TS2322: Type '{ predefinedTemplates: PredefinedTemplate[]; onApplyTemplate: (template: any) => void; }' is not assignable to type 'IntrinsicAttributes & EmailTemplateSelectorProps'.
  Property 'predefinedTemplates' does not exist on type 'IntrinsicAttributes & EmailTemplateSelectorProps'.
src/app/admin/email-templates/dynamic/page.tsx(339,35): error TS7006: Parameter 'template' implicitly has an 'any' type.
src/app/admin/page.tsx(37,49): error TS2339: Property 'fetchRecentEvents' does not exist on type '{ stats: DashboardStats | null; userAnalytics: UserAnalytics | null; adminOverview: AdminOverview | null; metricsSeries: AnalyticsTimeseriesPoint[]; ... 6 more ...; refresh: () => Promise<...>; }'.
src/app/admin/page.tsx(94,27): error TS2345: Argument of type '{ id: any; type: any; description: any; timestamp: any; user: { name: string; } | null; }[]' is not assignable to parameter of type 'SetStateAction<Activity[]>'.
  Type '{ id: any; type: any; description: any; timestamp: any; user: { name: string; } | null; }[]' is not assignable to type 'Activity[]'.
    Type '{ id: any; type: any; description: any; timestamp: any; user: { name: string; } | null; }' is not assignable to type 'Activity'.
      Types of property 'user' are incompatible.
        Type '{ name: string; } | null' is not assignable to type '{ name: string; avatar?: string | undefined; } | undefined'.
          Type 'null' is not assignable to type '{ name: string; avatar?: string | undefined; } | undefined'.
src/app/admin/page.tsx(175,14): error TS18048: 'usersStats.overview.newUsers' is possibly 'undefined'.
src/app/admin/page.tsx(176,16): error TS18047: 'usersStats' is possibly 'null'.
src/app/admin/page.tsx(185,37): error TS2339: Property 'newOrders' does not exist on type '{ totalOrders: number; totalRevenue: number; avgOrderValue: number; ordersGrowth: number; revenueGrowth: number; }'.
src/app/admin/page.tsx(186,16): error TS18047: 'ordersReport' is possibly 'null'.
src/app/admin/page.tsx(186,37): error TS2339: Property 'newOrders' does not exist on type '{ totalOrders: number; totalRevenue: number; avgOrderValue: number; ordersGrowth: number; revenueGrowth: number; }'.
src/app/api/admin/email-templates/route.ts(53,9): error TS2353: Object literal may only specify known properties, and 'isActive' does not exist in type 'EmailTemplateSelect<DefaultArgs>'.
src/app/api/admin/email-templates/route.ts(112,9): error TS2561: Object literal may only specify known properties, but 'createdById' does not exist in type '(Without<EmailTemplateCreateInput, EmailTemplateUncheckedCreateInput> & EmailTemplateUncheckedCreateInput) | (Without<...> & EmailTemplateCreateInput)'. Did you mean to write 'createdBy'?
src/app/api/admin/email-templates/route.ts(123,9): error TS2353: Object literal may only specify known properties, and 'isActive' does not exist in type 'EmailTemplateSelect<DefaultArgs>'.
src/app/api/admin/email-templates/route.ts(202,9): error TS2561: Object literal may only specify known properties, but 'updatedById' does not exist in type '(Without<EmailTemplateUpdateInput, EmailTemplateUncheckedUpdateInput> & EmailTemplateUncheckedUpdateInput) | (Without<...> & EmailTemplateUpdateInput)'. Did you mean to write 'updatedBy'?
src/app/api/admin/email-templates/route.ts(212,9): error TS2353: Object literal may only specify known properties, and 'isActive' does not exist in type 'EmailTemplateSelect<DefaultArgs>'.
src/app/api/admin/gamification/analytics/route.ts(113,23): error TS2571: Object is of type 'unknown'.
src/app/api/admin/gamification/analytics/route.ts(114,27): error TS2571: Object is of type 'unknown'.
src/app/api/admin/gamification/analytics/route.ts(123,30): error TS2571: Object is of type 'unknown'.
src/app/api/admin/gamification/analytics/route.ts(133,9): error TS2322: Type '"source"[]' is not assignable to type 'PointTransactionScalarFieldEnum | PointTransactionScalarFieldEnum[]'.
  Type '"source"[]' is not assignable to type 'PointTransactionScalarFieldEnum[]'.
    Type '"source"' is not assignable to type 'PointTransactionScalarFieldEnum'.
src/app/api/admin/gamification/analytics/route.ts(178,20): error TS2339: Property 'source' does not exist on type 'PickEnumerable<PointTransactionGroupByOutputType, PointTransactionScalarFieldEnum | PointTransactionScalarFieldEnum[]> & { ...; }'.
src/app/api/admin/gamification/analytics/route.ts(179,15): error TS18048: 'item._sum' is possibly 'undefined'.
src/app/api/admin/gamification/analytics/route.ts(196,23): error TS2571: Object is of type 'unknown'.
src/app/api/admin/gamification/analytics/route.ts(227,9): error TS2322: Type '"type"[]' is not assignable to type 'AchievementScalarFieldEnum | AchievementScalarFieldEnum[]'.
  Type '"type"[]' is not assignable to type 'AchievementScalarFieldEnum[]'.
    Type '"type"' is not assignable to type 'AchievementScalarFieldEnum'.
src/app/api/admin/gamification/analytics/route.ts(229,11): error TS2353: Object literal may only specify known properties, and 'type' does not exist in type 'AchievementCountAggregateInputType'.
src/app/api/admin/gamification/analytics/route.ts(255,9): error TS2353: Object literal may only specify known properties, and 'title' does not exist in type 'AchievementSelect<DefaultArgs>'.
src/app/api/admin/gamification/analytics/route.ts(263,35): error TS2339: Property 'title' does not exist on type '{ id: string; metadata: JsonValue; createdAt: Date; updatedAt: Date; name: string; description: string; isActive: boolean; points: number; icon: string | null; categoryId: string; rarity: AchievementRarity; criteria: JsonValue; }'.
src/app/api/admin/gamification/analytics/route.ts(270,22): error TS2339: Property 'type' does not exist on type 'PickEnumerable<AchievementGroupByOutputType, AchievementScalarFieldEnum | AchievementScalarFieldEnum[]> & { ...; }'.
src/app/api/admin/gamification/analytics/route.ts(271,14): error TS18048: 'item._count' is possibly 'undefined'.
src/app/api/admin/gamification/analytics/route.ts(271,26): error TS2339: Property 'type' does not exist on type 'true | { id?: number | undefined; name?: number | undefined; description?: number | undefined; icon?: number | undefined; categoryId?: number | undefined; rarity?: number | undefined; ... 6 more ...; _all?: number | undefined; }'.
  Property 'type' does not exist on type 'true'.
src/app/api/admin/gamification/analytics/route.ts(281,23): error TS2571: Object is of type 'unknown'.
src/app/api/admin/gamification/analytics/route.ts(291,14): error TS2339: Property 'eventParticipant' does not exist on type 'PrismaClient<PrismaClientOptions, never, DefaultArgs>'.
src/app/api/admin/gamification/analytics/route.ts(319,40): error TS7006: Parameter 'item' implicitly has an 'any' type.
src/app/api/admin/gamification/analytics/route.ts(332,50): error TS7006: Parameter 'item' implicitly has an 'any' type.
src/app/api/admin/gamification/analytics/route.ts(341,48): error TS7006: Parameter 'event' implicitly has an 'any' type.
src/app/api/admin/gamification/analytics/route.ts(381,9): error TS2322: Type '"type"[]' is not assignable to type 'UserStreakScalarFieldEnum | UserStreakScalarFieldEnum[]'.
  Type '"type"[]' is not assignable to type 'UserStreakScalarFieldEnum[]'.
    Type '"type"' is not assignable to type 'UserStreakScalarFieldEnum'.
src/app/api/admin/gamification/analytics/route.ts(403,32): error TS2571: Object is of type 'unknown'.
src/app/api/admin/gamification/analytics/route.ts(409,18): error TS2339: Property 'type' does not exist on type 'PickEnumerable<UserStreakGroupByOutputType, UserStreakScalarFieldEnum | UserStreakScalarFieldEnum[]> & { ...; }'.
src/app/api/admin/gamification/analytics/route.ts(410,29): error TS18048: 'item._avg' is possibly 'undefined'.
src/app/api/admin/gamification/analytics/route.ts(411,18): error TS18048: 'item._max' is possibly 'undefined'.
src/app/api/admin/gamification/analytics/route.ts(415,23): error TS2571: Object is of type 'unknown'.
src/app/api/admin/gamification/stats/route.ts(44,11): error TS2322: Type '"ACTIVE"' is not assignable to type 'EventStatus | EnumEventStatusFilter<"Event"> | undefined'.
src/app/api/admin/gamification/stats/route.ts(55,14): error TS2339: Property 'reward' does not exist on type 'PrismaClient<PrismaClientOptions, never, DefaultArgs>'.
src/app/api/admin/gamification/stats/route.ts(183,14): error TS2339: Property 'eventParticipant' does not exist on type 'PrismaClient<PrismaClientOptions, never, DefaultArgs>'.
src/app/api/admin/gamification/stats/route.ts(315,26): error TS2339: Property 'type' does not exist on type '{ user: { userPoints: { id: string; userId: string; createdAt: Date; updatedAt: Date; totalPoints: number; currentLevel: number; pointsToNext: number; }[]; } & { calendarPrivacySettings: string | null; ... 14 more ...; calendarNotificationSettings: string | null; }; } & { ...; }'.
src/app/api/admin/gamification/stats/route.ts(315,43): error TS2339: Property 'type' does not exist on type '{ user: { userPoints: { id: string; userId: string; createdAt: Date; updatedAt: Date; totalPoints: number; currentLevel: number; pointsToNext: number; }[]; } & { calendarPrivacySettings: string | null; ... 14 more ...; calendarNotificationSettings: string | null; }; } & { ...; }'.
src/app/api/admin/gamification/stats/route.ts(316,21): error TS2339: Property 'type' does not exist on type '{ user: { userPoints: { id: string; userId: string; createdAt: Date; updatedAt: Date; totalPoints: number; currentLevel: number; pointsToNext: number; }[]; } & { calendarPrivacySettings: string | null; ... 14 more ...; calendarNotificationSettings: string | null; }; } & { ...; }'.
src/app/api/admin/gamification/stats/route.ts(351,15): error TS2322: Type '"ACTIVE"' is not assignable to type 'EventStatus | EnumEventStatusFilter<"Event"> | undefined'.
src/app/api/admin/gamification/stats/route.ts(361,15): error TS2561: Object literal may only specify known properties, but 'lastActivityDate' does not exist in type 'UserStreakWhereInput'. Did you mean to write 'lastActivity'?
src/app/api/analytics/route.ts(239,9): error TS2322: Type '{ category: string; action: string; properties: { value: number; unit: string | undefined; userAgent: string | undefined; ip: string | undefined; }; userId: string; }' is not assignable to type '(Without<AnalyticsEventCreateInput, AnalyticsEventUncheckedCreateInput> & AnalyticsEventUncheckedCreateInput) | (Without<...> & AnalyticsEventCreateInput)'.
  Type '{ category: string; action: string; properties: { value: number; unit: string | undefined; userAgent: string | undefined; ip: string | undefined; }; userId: string; }' is not assignable to type 'Without<AnalyticsEventCreateInput, AnalyticsEventUncheckedCreateInput> & AnalyticsEventUncheckedCreateInput'.
    Property 'name' is missing in type '{ category: string; action: string; properties: { value: number; unit: string | undefined; userAgent: string | undefined; ip: string | undefined; }; userId: string; }' but required in type 'AnalyticsEventUncheckedCreateInput'.
src/app/api/analytics/route.ts(259,9): error TS2322: Type '{ category: string; action: string; properties: { userAgent: string | undefined; ip: string | undefined; }; userId: string; }' is not assignable to type '(Without<AnalyticsEventCreateInput, AnalyticsEventUncheckedCreateInput> & AnalyticsEventUncheckedCreateInput) | (Without<...> & AnalyticsEventCreateInput)'.
  Type '{ category: string; action: string; properties: { userAgent: string | undefined; ip: string | undefined; }; userId: string; }' is not assignable to type 'Without<AnalyticsEventCreateInput, AnalyticsEventUncheckedCreateInput> & AnalyticsEventUncheckedCreateInput'.
    Property 'name' is missing in type '{ category: string; action: string; properties: { userAgent: string | undefined; ip: string | undefined; }; userId: string; }' but required in type 'AnalyticsEventUncheckedCreateInput'.
src/app/api/background/reminder-processor/route.ts(114,38): error TS2304: Cannot find name 'prisma'.
src/app/api/email/send/route.ts(34,44): error TS2367: This comparison appears to be unintentional because the types '"EDITOR" | "MEMBER" | "VISITOR"' and '"MODERATOR"' have no overlap.
src/app/api/events/recurring/[seriesId]/instances/route.ts(125,37): error TS2339: Property 'recurringEventException' does not exist on type 'PrismaClient<PrismaClientOptions, never, DefaultArgs>'.
src/app/api/events/recurring/[seriesId]/instances/route.ts(129,36): error TS2339: Property 'recurringEventException' does not exist on type 'PrismaClient<PrismaClientOptions, never, DefaultArgs>'.
src/app/api/events/recurring/[seriesId]/instances/route.ts(184,35): error TS2339: Property 'recurringEventException' does not exist on type 'PrismaClient<PrismaClientOptions, never, DefaultArgs>'.
src/app/api/events/recurring/[seriesId]/instances/route.ts(190,20): error TS7006: Parameter 'e' implicitly has an 'any' type.
src/app/api/events/recurring/[seriesId]/instances/route.ts(203,41): error TS7006: Parameter 'e' implicitly has an 'any' type.
src/app/api/events/recurring/[seriesId]/instances/route.ts(329,41): error TS2339: Property 'recurringEventException' does not exist on type 'PrismaClient<PrismaClientOptions, never, DefaultArgs>'.
src/app/api/events/recurring/[seriesId]/instances/route.ts(362,11): error TS2322: Type '"SCHEDULED"' is not assignable to type 'EventStatus | undefined'.
src/app/api/events/recurring/[seriesId]/instances/route.ts(367,38): error TS2339: Property 'recurringEventException' does not exist on type 'PrismaClient<PrismaClientOptions, never, DefaultArgs>'.
src/app/api/gamification/events/[eventId]/participate/route.ts(125,13): error TS2322: Type '"EVENT_ENTRY_FEE"' is not assignable to type 'PointTransactionType'.
src/app/api/gamification/events/[eventId]/participate/route.ts(232,13): error TS2322: Type '"EVENT_REFUND"' is not assignable to type 'PointTransactionType'.
src/app/api/gamification/events/[eventId]/score/route.ts(201,15): error TS2322: Type '{ name: string; description: string; category: { connectOrCreate: { where: { name: string; }; create: { name: string; }; }; }; rarity: "COMMON" | "RARE" | "EPIC" | "LEGENDARY"; points: number; }' is not assignable to type '(Without<AchievementCreateInput, AchievementUncheckedCreateInput> & AchievementUncheckedCreateInput) | (Without<...> & AchievementCreateInput)'.
  Type '{ name: string; description: string; category: { connectOrCreate: { where: { name: string; }; create: { name: string; }; }; }; rarity: "COMMON" | "RARE" | "EPIC" | "LEGENDARY"; points: number; }' is not assignable to type 'Without<AchievementUncheckedCreateInput, AchievementCreateInput> & AchievementCreateInput'.
    Property 'criteria' is missing in type '{ name: string; description: string; category: { connectOrCreate: { where: { name: string; }; create: { name: string; }; }; }; rarity: "COMMON" | "RARE" | "EPIC" | "LEGENDARY"; points: number; }' but required in type 'AchievementCreateInput'.
src/app/api/gamification/events/[eventId]/score/route.ts(223,15): error TS2353: Object literal may only specify known properties, and 'eventId' does not exist in type 'Without<UserAchievementCreateInput, UserAchievementUncheckedCreateInput> & UserAchievementUncheckedCreateInput'.
src/app/api/gamification/events/[eventId]/score/route.ts(271,55): error TS2365: Operator '<=' cannot be applied to types 'number' and 'Decimal'.
src/app/api/gamification/events/[eventId]/score/route.ts(281,13): error TS2353: Object literal may only specify known properties, and 'eventId' does not exist in type 'GamificationUserRewardWhereInput'.
src/app/api/gamification/events/[eventId]/score/route.ts(291,15): error TS2353: Object literal may only specify known properties, and 'eventId' does not exist in type 'Without<GamificationUserRewardCreateInput, GamificationUserRewardUncheckedCreateInput> & GamificationUserRewardUncheckedCreateInput'.
src/app/api/gamification/events/[eventId]/score/route.ts(303,49): error TS18047: 'reward.rewardValue' is possibly 'null'.
src/app/api/gamification/events/[eventId]/score/route.ts(303,49): error TS2365: Operator '>' cannot be applied to types 'string | number | boolean | JsonObject | JsonArray' and 'number'.
src/app/api/gamification/events/[eventId]/score/route.ts(308,19): error TS2322: Type 'JsonValue' is not assignable to type 'number | undefined'.
  Type 'null' is not assignable to type 'number | undefined'.
src/app/api/gamification/events/[eventId]/score/route.ts(313,17): error TS2322: Type 'JsonValue' is not assignable to type 'number | undefined'.
  Type 'null' is not assignable to type 'number | undefined'.
src/app/api/gamification/events/[eventId]/score/route.ts(320,17): error TS2322: Type 'JsonValue' is not assignable to type 'number'.
  Type 'null' is not assignable to type 'number'.
src/app/api/gamification/events/[eventId]/score/route.ts(321,17): error TS2322: Type '"EVENT_REWARD"' is not assignable to type 'PointTransactionType'.
src/app/api/gamification/events/[id]/enroll/route.ts(36,9): error TS2367: This comparison appears to be unintentional because the types 'GamificationEventStatus' and '"active"' have no overlap.
src/app/api/gamification/events/[id]/enroll/route.ts(70,9): error TS2353: Object literal may only specify known properties, and 'joinedAt' does not exist in type 'Without<GamificationEventParticipantCreateInput, GamificationEventParticipantUncheckedCreateInput> & GamificationEventParticipantUncheckedCreateInput'.
src/app/api/gamification/events/[id]/enroll/route.ts(75,15): error TS2339: Property 'enrollmentPoints' does not exist on type '{ participants: { id: string; userId: string; eventId: string; status: GamificationParticipantStatus; enrolledAt: Date; currentScore: number; currentRank: number | null; participationData: JsonValue; }[]; } & { ...; }'.
src/app/api/gamification/events/[id]/enroll/route.ts(75,41): error TS2339: Property 'enrollmentPoints' does not exist on type '{ participants: { id: string; userId: string; eventId: string; status: GamificationParticipantStatus; enrolledAt: Date; currentScore: number; currentRank: number | null; participationData: JsonValue; }[]; } & { ...; }'.
src/app/api/gamification/events/[id]/enroll/route.ts(78,15): error TS2339: Property 'enrollmentPoints' does not exist on type '{ participants: { id: string; userId: string; eventId: string; status: GamificationParticipantStatus; enrolledAt: Date; currentScore: number; currentRank: number | null; participationData: JsonValue; }[]; } & { ...; }'.
src/app/api/gamification/events/[id]/enroll/route.ts(81,9): error TS2554: Expected 3-4 arguments, but got 5.
src/app/api/gamification/events/[id]/enroll/route.ts(89,31): error TS2339: Property 'joinedAt' does not exist on type '{ id: string; userId: string; eventId: string; status: GamificationParticipantStatus; enrolledAt: Date; currentScore: number; currentRank: number | null; participationData: JsonValue; }'.
src/app/api/gamification/events/[id]/enroll/route.ts(91,21): error TS2339: Property 'enrollmentPoints' does not exist on type '{ participants: { id: string; userId: string; eventId: string; status: GamificationParticipantStatus; enrolledAt: Date; currentScore: number; currentRank: number | null; participationData: JsonValue; }[]; } & { ...; }'.
src/app/api/gamification/events/[id]/leaderboard/route.ts(54,13): error TS2353: Object literal may only specify known properties, and 'username' does not exist in type 'UserSelect<DefaultArgs>'.
src/app/api/gamification/events/[id]/leaderboard/route.ts(60,11): error TS2353: Object literal may only specify known properties, and 'joinedAt' does not exist in type 'GamificationEventParticipantOrderByWithRelationInput'.
src/app/api/gamification/events/[id]/leaderboard/route.ts(84,15): error TS2353: Object literal may only specify known properties, and 'username' does not exist in type 'UserSelect<DefaultArgs>'.
src/app/api/gamification/events/[id]/leaderboard/route.ts(96,25): error TS2339: Property 'user' does not exist on type '{ id: string; eventId: string; userId: string; status: GamificationParticipantStatus; enrolledAt: Date; currentScore: number; currentRank: number | null; participationData: JsonValue; }'.
src/app/api/gamification/events/[id]/leaderboard/route.ts(97,27): error TS2339: Property 'user' does not exist on type '{ id: string; eventId: string; userId: string; status: GamificationParticipantStatus; enrolledAt: Date; currentScore: number; currentRank: number | null; participationData: JsonValue; }'.
src/app/api/gamification/events/[id]/leaderboard/route.ts(98,28): error TS2339: Property 'user' does not exist on type '{ id: string; eventId: string; userId: string; status: GamificationParticipantStatus; enrolledAt: Date; currentScore: number; currentRank: number | null; participationData: JsonValue; }'.
src/app/api/gamification/events/[id]/leaderboard/route.ts(99,31): error TS2339: Property 'user' does not exist on type '{ id: string; eventId: string; userId: string; status: GamificationParticipantStatus; enrolledAt: Date; currentScore: number; currentRank: number | null; participationData: JsonValue; }'.
src/app/api/gamification/events/[id]/leaderboard/route.ts(102,29): error TS2339: Property 'joinedAt' does not exist on type '{ id: string; eventId: string; userId: string; status: GamificationParticipantStatus; enrolledAt: Date; currentScore: number; currentRank: number | null; participationData: JsonValue; }'.
src/app/api/gamification/events/[id]/leaderboard/route.ts(103,35): error TS2339: Property 'lastActivityAt' does not exist on type '{ id: string; eventId: string; userId: string; status: GamificationParticipantStatus; enrolledAt: Date; currentScore: number; currentRank: number | null; participationData: JsonValue; }'.
src/app/api/gamification/events/[id]/leaderboard/route.ts(138,33): error TS2339: Property 'user' does not exist on type '{ id: string; eventId: string; userId: string; status: GamificationParticipantStatus; enrolledAt: Date; currentScore: number; currentRank: number | null; participationData: JsonValue; }'.
src/app/api/gamification/events/[id]/leaderboard/route.ts(139,35): error TS2339: Property 'user' does not exist on type '{ id: string; eventId: string; userId: string; status: GamificationParticipantStatus; enrolledAt: Date; currentScore: number; currentRank: number | null; participationData: JsonValue; }'.
src/app/api/gamification/events/[id]/leaderboard/route.ts(140,36): error TS2339: Property 'user' does not exist on type '{ id: string; eventId: string; userId: string; status: GamificationParticipantStatus; enrolledAt: Date; currentScore: number; currentRank: number | null; participationData: JsonValue; }'.
src/app/api/gamification/events/[id]/leaderboard/route.ts(141,39): error TS2339: Property 'user' does not exist on type '{ id: string; eventId: string; userId: string; status: GamificationParticipantStatus; enrolledAt: Date; currentScore: number; currentRank: number | null; participationData: JsonValue; }'.
src/app/api/gamification/events/[id]/leaderboard/route.ts(144,37): error TS2339: Property 'joinedAt' does not exist on type '{ id: string; eventId: string; userId: string; status: GamificationParticipantStatus; enrolledAt: Date; currentScore: number; currentRank: number | null; participationData: JsonValue; }'.
src/app/api/gamification/events/[id]/leaderboard/route.ts(145,43): error TS2339: Property 'lastActivityAt' does not exist on type '{ id: string; eventId: string; userId: string; status: GamificationParticipantStatus; enrolledAt: Date; currentScore: number; currentRank: number | null; participationData: JsonValue; }'.
src/app/api/gamification/events/[id]/participate/route.ts(125,13): error TS2322: Type '"EVENT_ENTRY_FEE"' is not assignable to type 'PointTransactionType'.
src/app/api/gamification/events/[id]/participate/route.ts(232,13): error TS2322: Type '"EVENT_REFUND"' is not assignable to type 'PointTransactionType'.
src/app/api/gamification/events/[id]/score/route.ts(87,11): error TS2353: Object literal may only specify known properties, and 'lastActivityAt' does not exist in type '(Without<GamificationEventParticipantUpdateInput, GamificationEventParticipantUncheckedUpdateInput> & GamificationEventParticipantUncheckedUpdateInput) | (Without<...> & GamificationEventParticipantUpdateInput)'.
src/app/api/gamification/events/[id]/score/route.ts(99,13): error TS2353: Object literal may only specify known properties, and 'joinedAt' does not exist in type 'GamificationEventParticipantOrderByWithRelationInput'.
src/app/api/gamification/events/[id]/score/route.ts(116,16): error TS2339: Property 'gamificationActivity' does not exist on type 'Omit<PrismaClient<PrismaClientOptions, never, DefaultArgs>, "$connect" | "$disconnect" | "$on" | "$transaction" | "$use" | "$extends">'.
src/app/api/gamification/events/[id]/score/route.ts(222,15): error TS2322: Type '{ name: string; description: string; category: { connectOrCreate: { where: { name: string; }; create: { name: string; }; }; }; rarity: "COMMON" | "RARE" | "EPIC" | "LEGENDARY"; points: number; }' is not assignable to type '(Without<AchievementCreateInput, AchievementUncheckedCreateInput> & AchievementUncheckedCreateInput) | (Without<...> & AchievementCreateInput)'.
  Type '{ name: string; description: string; category: { connectOrCreate: { where: { name: string; }; create: { name: string; }; }; }; rarity: "COMMON" | "RARE" | "EPIC" | "LEGENDARY"; points: number; }' is not assignable to type 'Without<AchievementUncheckedCreateInput, AchievementCreateInput> & AchievementCreateInput'.
    Property 'criteria' is missing in type '{ name: string; description: string; category: { connectOrCreate: { where: { name: string; }; create: { name: string; }; }; }; rarity: "COMMON" | "RARE" | "EPIC" | "LEGENDARY"; points: number; }' but required in type 'AchievementCreateInput'.
src/app/api/gamification/events/[id]/score/route.ts(244,15): error TS2353: Object literal may only specify known properties, and 'eventId' does not exist in type 'Without<UserAchievementCreateInput, UserAchievementUncheckedCreateInput> & UserAchievementUncheckedCreateInput'.
src/app/api/gamification/events/[id]/score/route.ts(292,55): error TS2365: Operator '<=' cannot be applied to types 'number' and 'Decimal'.
src/app/api/gamification/events/[id]/score/route.ts(302,13): error TS2353: Object literal may only specify known properties, and 'eventId' does not exist in type 'GamificationUserRewardWhereInput'.
src/app/api/gamification/events/[id]/score/route.ts(312,15): error TS2353: Object literal may only specify known properties, and 'eventId' does not exist in type 'Without<GamificationUserRewardCreateInput, GamificationUserRewardUncheckedCreateInput> & GamificationUserRewardUncheckedCreateInput'.
src/app/api/gamification/events/[id]/score/route.ts(324,49): error TS18047: 'reward.rewardValue' is possibly 'null'.
src/app/api/gamification/events/[id]/score/route.ts(324,49): error TS2365: Operator '>' cannot be applied to types 'string | number | boolean | JsonObject | JsonArray' and 'number'.
src/app/api/gamification/events/[id]/score/route.ts(329,19): error TS2322: Type 'JsonValue' is not assignable to type 'number | undefined'.
  Type 'null' is not assignable to type 'number | undefined'.
src/app/api/gamification/events/[id]/score/route.ts(334,17): error TS2322: Type 'JsonValue' is not assignable to type 'number | undefined'.
  Type 'null' is not assignable to type 'number | undefined'.
src/app/api/gamification/events/[id]/score/route.ts(341,17): error TS2322: Type 'JsonValue' is not assignable to type 'number'.
  Type 'null' is not assignable to type 'number'.
src/app/api/gamification/events/[id]/score/route.ts(342,17): error TS2322: Type '"EVENT_REWARD"' is not assignable to type 'PointTransactionType'.
src/app/api/gamification/leaderboard/route.ts(290,9): error TS2353: Object literal may only specify known properties, and 'userId_type' does not exist in type 'LeaderboardEntryWhereUniqueInput'.
src/app/api/gamification/leaderboard/route.ts(302,9): error TS2353: Object literal may only specify known properties, and 'type' does not exist in type 'Without<LeaderboardEntryCreateInput, LeaderboardEntryUncheckedCreateInput> & LeaderboardEntryUncheckedCreateInput'.
src/app/api/gamification/leaderboard/route.ts(311,9): error TS2353: Object literal may only specify known properties, and 'type' does not exist in type 'LeaderboardEntryWhereInput'.
src/app/api/gamification/rewards/route.ts(34,22): error TS2339: Property 'usedAt' does not exist on type '{ reward: { id: string; achievementId: string; metadata: JsonValue; description: string | null; isActive: boolean; createdAt: Date; updatedAt: Date; rewardType: RewardType; rewardValue: number; }; } & { ...; }'.
src/app/api/gamification/rewards/route.ts(35,22): error TS2339: Property 'status' does not exist on type '{ reward: { id: string; achievementId: string; metadata: JsonValue; description: string | null; isActive: boolean; createdAt: Date; updatedAt: Date; rewardType: RewardType; rewardValue: number; }; } & { ...; }'.
src/app/api/gamification/rewards/route.ts(55,34): error TS2339: Property 'reward' does not exist on type 'PrismaClient<PrismaClientOptions, never, DefaultArgs>'.
src/app/api/gamification/rewards/route.ts(68,50): error TS7006: Parameter 'reward' implicitly has an 'any' type.
src/app/api/gamification/rewards/route.ts(106,33): error TS2339: Property 'reward' does not exist on type 'PrismaClient<PrismaClientOptions, never, DefaultArgs>'.
src/app/api/gamification/rewards/route.ts(191,11): error TS2353: Object literal may only specify known properties, and 'status' does not exist in type 'Without<UserRewardCreateInput, UserRewardUncheckedCreateInput> & UserRewardUncheckedCreateInput'.
src/app/api/gamification/rewards/route.ts(240,11): error TS2353: Object literal may only specify known properties, and 'status' does not exist in type '(Without<UserRewardUpdateInput, UserRewardUncheckedUpdateInput> & UserRewardUncheckedUpdateInput) | (Without<...> & UserRewardUpdateInput)'.
src/app/api/gamification/rewards/route.ts(266,13): error TS2353: Object literal may only specify known properties, and 'title' does not exist in type 'Without<UserAchievementCreateInput, UserAchievementUncheckedCreateInput> & UserAchievementUncheckedCreateInput'.
src/app/api/gamification/rewards/route.ts(283,11): error TS2353: Object literal may only specify known properties, and 'status' does not exist in type '(Without<UserRewardUpdateInput, UserRewardUncheckedUpdateInput> & UserRewardUncheckedUpdateInput) | (Without<...> & UserRewardUpdateInput)'.
src/app/api/gamification/rewards/route.ts(324,17): error TS2353: Object literal may only specify known properties, and 'status' does not exist in type '(Without<UserRewardUpdateInput, UserRewardUncheckedUpdateInput> & UserRewardUncheckedUpdateInput) | (Without<...> & UserRewardUpdateInput)'.
src/app/api/gamification/streaks/route.ts(86,9): error TS2353: Object literal may only specify known properties, and 'type' does not exist in type 'UserStreakWhereInput'.
src/app/api/gamification/streaks/route.ts(95,11): error TS2353: Object literal may only specify known properties, and 'type' does not exist in type 'Without<UserStreakCreateInput, UserStreakUncheckedCreateInput> & UserStreakUncheckedCreateInput'.
src/app/api/gamification/streaks/route.ts(103,48): error TS2551: Property 'lastActivityDate' does not exist on type '{ id: string; userId: string; metadata: JsonValue; isActive: boolean; createdAt: Date; updatedAt: Date; streakType: string; currentStreak: number; longestStreak: number; lastActivity: Date | null; }'. Did you mean 'lastActivity'?
src/app/api/gamification/streaks/route.ts(120,13): error TS2561: Object literal may only specify known properties, but 'lastActivityDate' does not exist in type '(Without<UserStreakUpdateInput, UserStreakUncheckedUpdateInput> & UserStreakUncheckedUpdateInput) | (Without<...> & UserStreakUpdateInput)'. Did you mean to write 'lastActivity'?
src/app/api/gamification/streaks/route.ts(130,13): error TS2561: Object literal may only specify known properties, but 'lastActivityDate' does not exist in type '(Without<UserStreakUpdateInput, UserStreakUncheckedUpdateInput> & UserStreakUncheckedUpdateInput) | (Without<...> & UserStreakUpdateInput)'. Did you mean to write 'lastActivity'?
src/app/api/gamification/streaks/route.ts(175,13): error TS2353: Object literal may only specify known properties, and 'title' does not exist in type 'Without<UserAchievementCreateInput, UserAchievementUncheckedCreateInput> & UserAchievementUncheckedCreateInput'.
src/app/api/groups/[id]/invites/route.ts(8,37): error TS2307: Cannot find module '@/lib/notification-service' or its corresponding type declarations.
src/app/api/groups/[id]/invites/route.ts(287,22): error TS18047: 'group' is possibly 'null'.
src/app/api/groups/[id]/invites/route.ts(298,14): error TS2339: Property 'userId' does not exist on type '{ role: "moderator" | "member"; email?: string | undefined; expiresAt?: string | undefined; }'.
src/app/api/groups/[id]/invites/route.ts(302,26): error TS2339: Property 'userId' does not exist on type '{ role: "moderator" | "member"; email?: string | undefined; expiresAt?: string | undefined; }'.
src/app/api/groups/[id]/invites/route.ts(303,13): error TS2322: Type '"GROUP_INVITE"' is not assignable to type 'NotificationType'.
src/app/api/groups/[id]/members/route.ts(8,37): error TS2307: Cannot find module '@/lib/notification-service' or its corresponding type declarations.
src/app/api/payments/history/route.ts(51,9): error TS2322: Type 'PaymentWhereClause' is not assignable to type 'PaymentTransactionWhereInput'.
  Types of property 'status' are incompatible.
    Type 'string | undefined' is not assignable to type 'EnumPaymentTransactionStatusFilter<"PaymentTransaction"> | PaymentTransactionStatus | undefined'.
      Type 'string' is not assignable to type 'EnumPaymentTransactionStatusFilter<"PaymentTransaction"> | PaymentTransactionStatus | undefined'.
src/app/api/payments/history/route.ts(57,41): error TS2322: Type 'PaymentWhereClause' is not assignable to type 'PaymentTransactionWhereInput'.
  Types of property 'status' are incompatible.
    Type 'string | undefined' is not assignable to type 'EnumPaymentTransactionStatusFilter<"PaymentTransaction"> | PaymentTransactionStatus | undefined'.
      Type 'string' is not assignable to type 'EnumPaymentTransactionStatusFilter<"PaymentTransaction"> | PaymentTransactionStatus | undefined'.
src/app/api/payments/history/route.ts(81,27): error TS2551: Property 'subscription' does not exist on type '{ id: string; userId: string | null; status: PaymentTransactionStatus; metadata: JsonValue; createdAt: Date; updatedAt: Date; failedAt: Date | null; ... 14 more ...; refundedAt: Date | null; }'. Did you mean 'subscriptionId'?
src/app/api/payments/history/route.ts(81,50): error TS2551: Property 'subscription' does not exist on type '{ id: string; userId: string | null; status: PaymentTransactionStatus; metadata: JsonValue; createdAt: Date; updatedAt: Date; failedAt: Date | null; ... 14 more ...; refundedAt: Date | null; }'. Did you mean 'subscriptionId'?
src/app/api/payments/history/route.ts(81,83): error TS2551: Property 'subscription' does not exist on type '{ id: string; userId: string | null; status: PaymentTransactionStatus; metadata: JsonValue; createdAt: Date; updatedAt: Date; failedAt: Date | null; ... 14 more ...; refundedAt: Date | null; }'. Did you mean 'subscriptionId'?
src/app/api/payments/plans/route.ts(58,39): error TS2345: Argument of type '{ id: string; metadata: JsonValue; createdAt: Date; updatedAt: Date; name: string; description: string; isActive: boolean; tier: SubscriptionTier; ... 7 more ...; maxDownloads: number | null; }' is not assignable to parameter of type 'PlanData'.
  Types of property 'maxCourses' are incompatible.
    Type 'number | null' is not assignable to type 'number | undefined'.
      Type 'null' is not assignable to type 'number | undefined'.
src/app/api/payments/process/route.ts(142,9): error TS2322: Type '{ transaction: { id: string; userId: string | null; status: $Enums.PaymentTransactionStatus; metadata: JsonValue | null; ... 17 more ...; refundedAt: Date | null; }; preference: PreferenceResponse; paymentUrl: string | undefined; }' is not assignable to type 'PaymentProviderResult'.
  Types of property 'transaction' are incompatible.
    Property 'method' is missing in type '{ id: string; userId: string | null; status: PaymentTransactionStatus; metadata: JsonValue; createdAt: Date; updatedAt: Date; failedAt: Date | null; ... 14 more ...; refundedAt: Date | null; }' but required in type '{ id: string; status: string; amount: number; provider: string; method: string; }'.
src/app/api/payments/process/route.ts(183,9): error TS2322: Type '{ transaction: { id: string; userId: string | null; status: $Enums.PaymentTransactionStatus; metadata: JsonValue | null; ... 17 more ...; refundedAt: Date | null; }; payment: any; paymentUrl: any; }' is not assignable to type 'PaymentProviderResult'.
  Types of property 'transaction' are incompatible.
    Property 'method' is missing in type '{ id: string; userId: string | null; status: PaymentTransactionStatus; metadata: JsonValue; createdAt: Date; updatedAt: Date; failedAt: Date | null; ... 14 more ...; refundedAt: Date | null; }' but required in type '{ id: string; status: string; amount: number; provider: string; method: string; }'.
src/app/api/payments/status/route.ts(92,22): error TS2769: No overload matches this call.
  Overload 1 of 4, '(value: string | number | Date): Date', gave the following error.
    Argument of type 'null' is not assignable to parameter of type 'string | number | Date'.
  Overload 2 of 4, '(value: string | number): Date', gave the following error.
    Argument of type 'null' is not assignable to parameter of type 'string | number'.
src/app/api/payments/status/route.ts(95,22): error TS2769: No overload matches this call.
  Overload 1 of 4, '(value: string | number | Date): Date', gave the following error.
    Argument of type 'null' is not assignable to parameter of type 'string | number | Date'.
  Overload 2 of 4, '(value: string | number): Date', gave the following error.
    Argument of type 'null' is not assignable to parameter of type 'string | number'.
src/app/api/push/send/route.ts(2,21): error TS7016: Could not find a declaration file for module 'web-push'. '/Users/rodrigojosedossantospires/Desktop/Caminhos de Hekate/node_modules/.pnpm/web-push@3.6.7/node_modules/web-push/src/index.js' implicitly has an 'any' type.
  Try `npm i --save-dev @types/web-push` if it exists or add a new declaration (.d.ts) file containing `declare module 'web-push';`
src/app/api/push/send/route.ts(50,44): error TS2367: This comparison appears to be unintentional because the types '"EDITOR" | "MEMBER" | "VISITOR"' and '"MODERATOR"' have no overlap.
src/app/api/sms/send/route.ts(31,44): error TS2367: This comparison appears to be unintentional because the types '"EDITOR" | "MEMBER" | "VISITOR"' and '"MODERATOR"' have no overlap.
src/app/dashboard/gamification/achievements/page.tsx(36,3): error TS2561: Object literal may only specify known properties, but 'common' does not exist in type 'Record<AchievementRarity, { label: string; color: string; }>'. Did you mean to write 'COMMON'?
src/app/gamification/achievements/page.tsx(7,33): error TS2307: Cannot find module '@/components/gamification/BadgeCollection' or its corresponding type declarations.
src/app/gamification/achievements/page.tsx(197,11): error TS2322: Type '{ key: any; achievement: any; showProgress: boolean; onClick: () => void; }' is not assignable to type 'IntrinsicAttributes & AchievementCardProps'.
  Property 'showProgress' does not exist on type 'IntrinsicAttributes & AchievementCardProps'.
src/app/gamification/events/page.tsx(191,37): error TS7006: Parameter 'reward' implicitly has an 'any' type.
src/app/gamification/events/page.tsx(191,45): error TS7006: Parameter 'index' implicitly has an 'any' type.
src/app/gamification/leaderboard/page.tsx(220,28): error TS2339: Property 'id' does not exist on type 'never'.
src/app/gamification/leaderboard/page.tsx(222,35): error TS2339: Property 'position' does not exist on type 'never'.
src/app/gamification/leaderboard/page.tsx(225,40): error TS2339: Property 'avatar' does not exist on type 'never'.
src/app/gamification/leaderboard/page.tsx(227,25): error TS2339: Property 'name' does not exist on type 'never'.
src/app/gamification/leaderboard/page.tsx(227,45): error TS7006: Parameter 'n' implicitly has an 'any' type.
src/app/gamification/leaderboard/page.tsx(230,56): error TS2339: Property 'name' does not exist on type 'never'.
src/app/gamification/leaderboard/page.tsx(231,77): error TS2339: Property 'level' does not exist on type 'never'.
src/app/gamification/leaderboard/page.tsx(232,67): error TS2339: Property 'points' does not exist on type 'never'.
src/app/gamification/leaderboard/page.tsx(234,23): error TS2339: Property 'badge' does not exist on type 'never'.
src/app/gamification/leaderboard/page.tsx(301,7): error TS2322: Type '{ users: any[]; currentUserId: string; showUserRank: boolean; period: any; category: any; }' is not assignable to type 'IntrinsicAttributes & LeaderboardProps'.
  Property 'users' does not exist on type 'IntrinsicAttributes & LeaderboardProps'.
src/app/gamification/leaderboard/page.tsx(351,15): error TS2322: Type '{ onFilterChange: (filters: any) => void; }' is not assignable to type 'IntrinsicAttributes & RankingFiltersProps'.
  Property 'onFilterChange' does not exist on type 'IntrinsicAttributes & RankingFiltersProps'.
src/app/gamification/leaderboard/page.tsx(351,32): error TS7006: Parameter 'filters' implicitly has an 'any' type.
src/app/gamification/profile/page.tsx(135,44): error TS7006: Parameter 'n' implicitly has an 'any' type.
src/app/gamification/profile/page.tsx(282,13): error TS2322: Type '{ currentStreak: number; longestStreak: number; showMotivation: boolean; compact: boolean; }' is not assignable to type 'IntrinsicAttributes & StreakCounterProps'.
  Property 'currentStreak' does not exist on type 'IntrinsicAttributes & StreakCounterProps'.
src/app/gamification/profile/page.tsx(543,21): error TS2322: Type '{ currentLevel: number; currentXP: number; nextLevelXP: number; showDetails: boolean; }' is not assignable to type 'IntrinsicAttributes'.
  Property 'currentLevel' does not exist on type 'IntrinsicAttributes'.
src/app/gamification/profile/page.tsx(561,19): error TS2322: Type '{ totalPoints: number; weeklyPoints: number; monthlyPoints: number; showBreakdown: boolean; }' is not assignable to type 'IntrinsicAttributes & PointsDisplayProps'.
  Property 'totalPoints' does not exist on type 'IntrinsicAttributes & PointsDisplayProps'.
src/app/gamification/profile/page.tsx(572,15): error TS2322: Type '{ userId: string; showProgress: boolean; filterByCategory: boolean; }' is not assignable to type 'IntrinsicAttributes & BadgeCollectionProps'.
  Property 'userId' does not exist on type 'IntrinsicAttributes & BadgeCollectionProps'.
src/app/gamification/profile/page.tsx(586,21): error TS2322: Type '{ currentStreak: number; longestStreak: number; showMotivation: boolean; }' is not assignable to type 'IntrinsicAttributes & StreakCounterProps'.
  Property 'currentStreak' does not exist on type 'IntrinsicAttributes & StreakCounterProps'.
src/app/gamification/profile/page.tsx(598,21): error TS2322: Type '{ userId: string; showLegend: boolean; }' is not assignable to type 'IntrinsicAttributes & StreakCalendarProps'.
  Property 'userId' does not exist on type 'IntrinsicAttributes & StreakCalendarProps'.
src/components/analytics/AnalyticsDashboard.tsx(261,24): error TS2322: Type 'AnalyticsEventItem[]' is not assignable to type 'Event[]'.
  Type 'AnalyticsEventItem' is not assignable to type 'Event'.
    Types of property 'timestamp' are incompatible.
      Type 'string' is not assignable to type 'Date'.
src/components/email/DynamicEmailPreview.tsx(54,12): error TS2554: Expected 1 arguments, but got 0.
src/components/email/DynamicEmailPreview.tsx(92,34): error TS7053: Element implicitly has an 'any' type because expression of type 'string' can't be used to index type '{ '{{user.name}}': string; '{{user.email}}': string; '{{user.firstName}}': string; '{{user.lastName}}': string; '{{user.id}}': string; '{{site.name}}': string; '{{site.url}}': string; '{{contact.email}}': string; ... 26 more ...; '{{points.total}}': string; }'.
  No index signature with a parameter of type 'string' was found on type '{ '{{user.name}}': string; '{{user.email}}': string; '{{user.firstName}}': string; '{{user.lastName}}': string; '{{user.id}}': string; '{{site.name}}': string; '{{site.url}}': string; '{{contact.email}}': string; ... 26 more ...; '{{points.total}}': string; }'.
src/components/email/DynamicEmailPreview.tsx(102,35): error TS7053: Element implicitly has an 'any' type because expression of type 'string' can't be used to index type '{ '{{user.name}}': string; '{{user.email}}': string; '{{user.firstName}}': string; '{{user.lastName}}': string; '{{user.id}}': string; '{{site.name}}': string; '{{site.url}}': string; '{{contact.email}}': string; ... 26 more ...; '{{points.total}}': string; }'.
  No index signature with a parameter of type 'string' was found on type '{ '{{user.name}}': string; '{{user.email}}': string; '{{user.firstName}}': string; '{{user.lastName}}': string; '{{user.id}}': string; '{{site.name}}': string; '{{site.url}}': string; '{{contact.email}}': string; ... 26 more ...; '{{points.total}}': string; }'.
src/components/email/DynamicEmailPreview.tsx(103,33): error TS7053: Element implicitly has an 'any' type because expression of type 'string' can't be used to index type '{ '{{user.name}}': string; '{{user.email}}': string; '{{user.firstName}}': string; '{{user.lastName}}': string; '{{user.id}}': string; '{{site.name}}': string; '{{site.url}}': string; '{{contact.email}}': string; ... 26 more ...; '{{points.total}}': string; }'.
  No index signature with a parameter of type 'string' was found on type '{ '{{user.name}}': string; '{{user.email}}': string; '{{user.firstName}}': string; '{{user.lastName}}': string; '{{user.id}}': string; '{{site.name}}': string; '{{site.url}}': string; '{{contact.email}}': string; ... 26 more ...; '{{points.total}}': string; }'.
src/components/email/DynamicEmailPreview.tsx(127,33): error TS2339: Property 'map' does not exist on type 'string'.
src/components/email/DynamicEmailPreview.tsx(127,38): error TS7006: Parameter 'variable' implicitly has an 'any' type.
src/components/email/EmailTemplateEditor.tsx(60,28): error TS2339: Property 'description' does not exist on type 'EmailTemplate'.
src/components/email/EmailTemplateEditor.tsx(61,56): error TS2304: Cannot find name 'EmailCategory'.
src/components/email/EmailTemplateEditor.tsx(65,23): error TS2339: Property 'status' does not exist on type 'EmailTemplate'.
src/components/email/EmailTemplateEditor.tsx(65,44): error TS2552: Cannot find name 'EmailTemplateStatus'. Did you mean 'EmailTemplate'?
src/components/email/EmailTemplateEditor.tsx(79,11): error TS2552: Cannot find name 'templateId'. Did you mean 'template'?
src/components/email/EmailTemplateEditor.tsx(79,25): error TS2552: Cannot find name 'templateId'. Did you mean 'template'?
src/components/email/EmailTemplateEditor.tsx(81,54): error TS2552: Cannot find name 'templateId'. Did you mean 'template'?
src/components/email/EmailTemplateEditor.tsx(86,45): error TS2339: Property 'description' does not exist on type 'EmailTemplate'.
src/components/email/EmailTemplateEditor.tsx(91,40): error TS2339: Property 'status' does not exist on type 'EmailTemplate'.
src/components/email/EmailTemplateEditor.tsx(97,28): error TS2345: Argument of type 'Record<string, any>' is not assignable to parameter of type 'SetStateAction<Variable[]>'.
  Type 'Record<string, any>' is missing the following properties from type 'Variable[]': length, pop, push, concat, and 35 more.
src/components/email/EmailTemplateEditor.tsx(108,7): error TS2552: Cannot find name 'templateId'. Did you mean 'template'?
src/components/email/EmailTemplateEditor.tsx(219,9): error TS2353: Object literal may only specify known properties, and 'description' does not exist in type 'CreateEmailTemplateData'.
src/components/email/EmailTemplateEditor.tsx(235,11): error TS2552: Cannot find name 'templateId'. Did you mean 'templateData'?
src/components/email/EmailTemplateEditor.tsx(236,30): error TS2552: Cannot find name 'templateId'. Did you mean 'templateData'?
src/components/email/EmailTemplateEditor.tsx(236,42): error TS2554: Expected 1 arguments, but got 2.
src/components/email/EmailTemplateEditor.tsx(253,45): error TS2345: Argument of type '{ subject: string; htmlContent: string; textContent: string; variables: { '{{user.name}}': string; '{{user.email}}': string; '{{user.firstName}}': string; '{{user.lastName}}': string; '{{user.id}}': string; ... 29 more ...; '{{points.total}}': string; }; }' is not assignable to parameter of type 'CreateEmailTemplateData & { variables?: Record<string, any> | undefined; }'.
  Type '{ subject: string; htmlContent: string; textContent: string; variables: { '{{user.name}}': string; '{{user.email}}': string; '{{user.firstName}}': string; '{{user.lastName}}': string; '{{user.id}}': string; ... 29 more ...; '{{points.total}}': string; }; }' is missing the following properties from type 'CreateEmailTemplateData': name, slug, category, tags
src/components/email/EmailTemplateEditor.tsx(263,46): error TS2339: Property 'htmlContent' does not exist on type '{ html: string; text?: string | undefined; }'.
src/components/email/EmailTemplateEditor.tsx(264,48): error TS2339: Property 'subject' does not exist on type '{ html: string; text?: string | undefined; }'.
src/components/email/EmailTemplateEditor.tsx(281,9): error TS2353: Object literal may only specify known properties, and 'toEmail' does not exist in type 'CreateEmailTemplateData & { variables?: Record<string, any> | undefined; testEmail: string; }'.
src/components/email/EmailTemplateManager.tsx(13,36): error TS2305: Module '"lucide-react"' has no exported member 'FileTemplate'.
src/components/email/EmailTemplateManager.tsx(124,32): error TS2554: Expected 1 arguments, but got 0.
src/components/email/EmailTemplateManager.tsx(154,9): error TS2322: Type '{ predefinedTemplates: PredefinedTemplate[]; onApplyTemplate: (predefinedTemplate: PredefinedTemplate) => void; }' is not assignable to type 'IntrinsicAttributes & EmailTemplateSelectorProps'.
  Property 'predefinedTemplates' does not exist on type 'IntrinsicAttributes & EmailTemplateSelectorProps'.
src/components/email/EmailTemplateManager.tsx(298,38): error TS2339: Property 'map' does not exist on type 'string'.
src/components/email/EmailTemplateManager.tsx(298,43): error TS7006: Parameter 'variable' implicitly has an 'any' type.
src/components/email/EmailTemplateManager.tsx(337,34): error TS2339: Property 'map' does not exist on type 'string'.
src/components/email/EmailTemplateManager.tsx(337,39): error TS7006: Parameter 'variable' implicitly has an 'any' type.
src/components/email/EmailTemplateManager.tsx(345,48): error TS7053: Element implicitly has an 'any' type because expression of type 'any' can't be used to index type '{ '{{user.name}}': string; '{{user.email}}': string; '{{user.firstName}}': string; '{{user.lastName}}': string; '{{user.id}}': string; '{{site.name}}': string; '{{site.url}}': string; '{{contact.email}}': string; ... 26 more ...; '{{points.total}}': string; }'.
src/components/email/EmailTemplateSelector.tsx(9,10): error TS2305: Module '"lucide-react"' has no exported member 'FileTemplate'.
src/components/gamification/achievements/AchievementBadge.tsx(94,10): error TS2678: Type '"common"' is not comparable to type 'AchievementRarity'.
src/components/gamification/achievements/AchievementBadge.tsx(95,10): error TS2678: Type '"rare"' is not comparable to type 'AchievementRarity'.
src/components/gamification/achievements/AchievementBadge.tsx(96,10): error TS2678: Type '"epic"' is not comparable to type 'AchievementRarity'.
src/components/gamification/achievements/AchievementBadge.tsx(97,10): error TS2678: Type '"legendary"' is not comparable to type 'AchievementRarity'.
src/components/gamification/achievements/AchievementBadge.tsx(98,10): error TS2678: Type '"mythic"' is not comparable to type 'AchievementRarity'.
src/components/gamification/achievements/AchievementBadge.tsx(128,38): error TS2551: Property 'COMMON' does not exist on type '{ common: { icon: LucideIcon; color: string; bgColor: string; borderColor: string; badgeColor: string; }; rare: { icon: LucideIcon; color: string; bgColor: string; borderColor: string; badgeColor: string; }; epic: { ...; }; legendary: { ...; }; mythic: { ...; }; }'. Did you mean 'common'?
src/components/gamification/achievements/BadgeCollection.tsx(51,30): error TS2344: Type 'AchievementCategory' does not satisfy the constraint 'string | number | symbol'.
src/components/gamification/achievements/BadgeCollection.tsx(62,10): error TS2678: Type 'string' is not comparable to type 'AchievementCategory'.
src/components/gamification/achievements/BadgeCollection.tsx(64,10): error TS2678: Type 'string' is not comparable to type 'AchievementCategory'.
src/components/gamification/achievements/BadgeCollection.tsx(66,10): error TS2678: Type 'string' is not comparable to type 'AchievementCategory'.
src/components/gamification/achievements/BadgeCollection.tsx(68,10): error TS2678: Type 'string' is not comparable to type 'AchievementCategory'.
src/components/gamification/achievements/BadgeCollection.tsx(70,10): error TS2678: Type 'string' is not comparable to type 'AchievementCategory'.
src/components/gamification/achievements/BadgeCollection.tsx(72,10): error TS2678: Type 'string' is not comparable to type 'AchievementCategory'.
src/components/gamification/achievements/BadgeCollection.tsx(75,7): error TS2322: Type 'AchievementCategory' is not assignable to type 'string'.
src/components/gamification/achievements/BadgeCollection.tsx(194,25): error TS2344: Type 'AchievementCategory' does not satisfy the constraint 'string | number | symbol'.
src/components/gamification/achievements/BadgeCollection.tsx(204,13): error TS2538: Type 'AchievementCategory' cannot be used as an index type.
src/components/gamification/achievements/BadgeCollection.tsx(204,13): error TS2538: Type 'undefined' cannot be used as an index type.
src/components/gamification/achievements/BadgeCollection.tsx(206,15): error TS2538: Type 'AchievementCategory' cannot be used as an index type.
src/components/gamification/achievements/BadgeCollection.tsx(206,15): error TS2538: Type 'undefined' cannot be used as an index type.
src/components/gamification/achievements/BadgeCollection.tsx(395,54): error TS2352: Conversion of type 'string' to type 'AchievementCategory' may be a mistake because neither type sufficiently overlaps with the other. If this was intentional, convert the expression to 'unknown' first.
src/components/gamification/achievements/BadgeCollection.tsx(395,54): error TS2538: Type 'AchievementCategory' cannot be used as an index type.
src/components/gamification/achievements/BadgeCollection.tsx(396,36): error TS18046: 'stats' is of type 'unknown'.
src/components/gamification/achievements/BadgeCollection.tsx(396,66): error TS18046: 'stats' is of type 'unknown'.
src/components/gamification/achievements/BadgeCollection.tsx(396,83): error TS18046: 'stats' is of type 'unknown'.
src/components/gamification/achievements/BadgeCollection.tsx(400,60): error TS2352: Conversion of type 'string' to type 'AchievementCategory' may be a mistake because neither type sufficiently overlaps with the other. If this was intentional, convert the expression to 'unknown' first.
src/components/gamification/achievements/BadgeCollection.tsx(406,47): error TS2352: Conversion of type 'string' to type 'AchievementCategory' may be a mistake because neither type sufficiently overlaps with the other. If this was intentional, convert the expression to 'unknown' first.
src/components/gamification/achievements/BadgeCollection.tsx(410,28): error TS18046: 'stats' is of type 'unknown'.
src/components/gamification/achievements/BadgeCollection.tsx(410,45): error TS18046: 'stats' is of type 'unknown'.
src/components/gamification/animations/index.ts(7,15): error TS2724: '"./ParticleEffect"' has no exported member named 'ParticleEffectProps'. Did you mean 'ParticleEffect'?
src/components/gamification/animations/index.ts(8,15): error TS2724: '"./ConfettiCelebration"' has no exported member named 'ConfettiCelebrationProps'. Did you mean 'ConfettiCelebration'?
src/components/gamification/animations/index.ts(9,15): error TS2724: '"./BadgeUnlockAnimation"' has no exported member named 'BadgeUnlockAnimationProps'. Did you mean 'BadgeUnlockAnimation'?
src/components/gamification/charts/ProgressChart.tsx(111,16): error TS2339: Property 'progressHistory' does not exist on type 'GamificationStats'.
src/components/gamification/charts/ProgressChart.tsx(111,41): error TS2339: Property 'progressHistory' does not exist on type 'GamificationStats'.
src/components/gamification/charts/ProgressChart.tsx(115,18): error TS2339: Property 'progressHistory' does not exist on type 'GamificationStats'.
src/components/gamification/charts/ProgressChart.tsx(115,38): error TS7006: Parameter 'entry' implicitly has an 'any' type.
src/components/gamification/dashboard/PointsDisplay.tsx(153,33): error TS2339: Property 'level' does not exist on type 'UserPoints'.
src/components/gamification/dashboard/PointsDisplay.tsx(189,31): error TS2339: Property 'availablePoints' does not exist on type 'UserPoints'.
src/components/gamification/dashboard/PointsDisplay.tsx(201,31): error TS2339: Property 'level' does not exist on type 'UserPoints'.
src/components/gamification/ExpandedAchievementDashboard.tsx(367,21): error TS2741: Property 'unlocked' is missing in type 'Achievement' but required in type '{ id: string; name: string; description: string; rarity: string; points: number; unlocked: boolean; unlockedAt?: string | undefined; progress?: number | undefined; maxProgress?: number | undefined; }'.
src/components/gamification/ExpandedAchievementDashboard.tsx(385,29): error TS2339: Property 'badges' does not exist on type 'UserStats'.
src/components/gamification/ExpandedAchievementDashboard.tsx(385,42): error TS7006: Parameter 'badge' implicitly has an 'any' type.
src/components/gamification/GamificationDashboard.tsx(58,5): error TS2339: Property 'streaks' does not exist on type 'GamificationState'.
src/components/gamification/GamificationDashboard.tsx(61,5): error TS2339: Property 'initializeGamification' does not exist on type 'GamificationState'.
src/components/gamification/GamificationDashboard.tsx(438,64): error TS7006: Parameter 's' implicitly has an 'any' type.
src/components/gamification/GamificationDashboard.tsx(442,74): error TS7006: Parameter 's' implicitly has an 'any' type.
src/components/gamification/GamificationDashboard.tsx(446,60): error TS2339: Property 'availablePoints' does not exist on type 'UserPoints'.
src/components/gamification/Leaderboard.tsx(67,5): error TS2339: Property 'userRank' does not exist on type 'GamificationState'.
src/components/gamification/Leaderboard.tsx(68,5): error TS2339: Property 'isLoading' does not exist on type 'GamificationState'.
src/components/gamification/Leaderboard.tsx(70,5): error TS2339: Property 'fetchUserRank' does not exist on type 'GamificationState'.
src/components/gamification/Leaderboard.tsx(82,40): error TS2554: Expected 0-2 arguments, but got 3.
src/components/gamification/Leaderboard.tsx(197,11): error TS2322: Type 'string' is not assignable to type 'LeaderboardCategory'.
src/components/gamification/Leaderboard.tsx(198,36): error TS2339: Property 'totalUsers' does not exist on type 'LeaderboardEntry[]'.
src/components/gamification/Leaderboard.tsx(200,46): error TS2339: Property 'find' does not exist on type '() => ArrayIterator<[number, LeaderboardEntry]>'.
src/components/gamification/Leaderboard.tsx(200,51): error TS7006: Parameter 'e' implicitly has an 'any' type.
src/components/gamification/Leaderboard.tsx(201,46): error TS2339: Property 'find' does not exist on type '() => ArrayIterator<[number, LeaderboardEntry]>'.
src/components/gamification/Leaderboard.tsx(201,51): error TS7006: Parameter 'e' implicitly has an 'any' type.
src/components/gamification/Leaderboard.tsx(210,9): error TS2322: Type 'string' is not assignable to type 'LeaderboardCategory'.
src/components/gamification/Leaderboard.tsx(211,9): error TS2322: Type 'string' is not assignable to type 'LeaderboardPeriod'.
src/components/gamification/Leaderboard.tsx(233,24): error TS7053: Element implicitly has an 'any' type because expression of type 'string' can't be used to index type '{ general: { label: string; icon: LucideIcon; }; learning: { label: string; icon: LucideIcon; }; engagement: { label: string; icon: LucideIcon; }; social: { label: string; icon: LucideIcon; }; }'.
  No index signature with a parameter of type 'string' was found on type '{ general: { label: string; icon: LucideIcon; }; learning: { label: string; icon: LucideIcon; }; engagement: { label: string; icon: LucideIcon; }; social: { label: string; icon: LucideIcon; }; }'.
src/components/gamification/Leaderboard.tsx(240,36): error TS2339: Property 'map' does not exist on type '() => ArrayIterator<[number, LeaderboardEntry]>'.
src/components/gamification/Leaderboard.tsx(240,41): error TS7006: Parameter 'entry' implicitly has an 'any' type.
src/components/gamification/Leaderboard.tsx(244,19): error TS2322: Type 'string' is not assignable to type '"general" | "learning" | "engagement" | "social" | undefined'.
src/components/gamification/Leaderboard.tsx(246,35): error TS7006: Parameter 'userId' implicitly has an 'any' type.
src/components/gamification/Leaderboard.tsx(259,39): error TS2339: Property 'totalPages' does not exist on type 'LeaderboardEntry[]'.
src/components/gamification/Leaderboard.tsx(273,47): error TS2339: Property 'totalPages' does not exist on type 'LeaderboardEntry[]'.
src/components/gamification/Leaderboard.tsx(279,66): error TS2339: Property 'totalPages' does not exist on type 'LeaderboardEntry[]'.
src/components/gamification/Leaderboard.tsx(280,48): error TS2339: Property 'totalPages' does not exist on type 'LeaderboardEntry[]'.
src/components/gamification/leaderboard/LeaderboardEntry.tsx(179,28): error TS2339: Property 'achievementCount' does not exist on type 'LeaderboardEntry'.
src/components/gamification/leaderboard/LeaderboardEntry.tsx(184,28): error TS2339: Property 'badgeCount' does not exist on type 'LeaderboardEntry'.
src/components/gamification/leaderboard/LeaderboardEntry.tsx(202,28): error TS2339: Property 'pointsChange' does not exist on type 'LeaderboardEntry'.
src/components/gamification/leaderboard/LeaderboardEntry.tsx(205,19): error TS2339: Property 'pointsChange' does not exist on type 'LeaderboardEntry'.
src/components/gamification/leaderboard/LeaderboardEntry.tsx(206,19): error TS2339: Property 'pointsChange' does not exist on type 'LeaderboardEntry'.
src/components/gamification/leaderboard/LeaderboardEntry.tsx(211,21): error TS2339: Property 'pointsChange' does not exist on type 'LeaderboardEntry'.
src/components/gamification/leaderboard/LeaderboardEntry.tsx(213,20): error TS2339: Property 'pointsChange' does not exist on type 'LeaderboardEntry'.
src/components/gamification/leaderboard/LeaderboardEntry.tsx(213,55): error TS2339: Property 'pointsChange' does not exist on type 'LeaderboardEntry'.
src/components/gamification/leaderboard/LeaderboardPreview.tsx(86,56): error TS2554: Expected 0-2 arguments, but got 4.
src/components/gamification/leaderboard/LeaderboardPreview.tsx(193,22): error TS2304: Cannot find name 'getRankIcon'.
src/components/gamification/leaderboard/LeaderboardPreview.tsx(220,52): error TS2304: Cannot find name 'getRankBadgeColor'.
src/components/gamification/leaderboard/UserRankCard.tsx(179,42): error TS2339: Property 'user' does not exist on type 'LeaderboardEntry'.
src/components/gamification/leaderboard/UserRankCard.tsx(181,27): error TS2339: Property 'user' does not exist on type 'LeaderboardEntry'.
src/components/gamification/leaderboard/UserRankCard.tsx(181,68): error TS2339: Property 'user' does not exist on type 'LeaderboardEntry'.
src/components/gamification/leaderboard/UserRankCard.tsx(193,25): error TS2339: Property 'user' does not exist on type 'LeaderboardEntry'.
src/components/gamification/leaderboard/UserRankCard.tsx(196,31): error TS2339: Property 'user' does not exist on type 'LeaderboardEntry'.
src/components/gamification/leaderboard/UserRankCard.tsx(263,54): error TS2339: Property 'user' does not exist on type 'LeaderboardEntry'.
src/components/gamification/leaderboard/UserRankCard.tsx(265,39): error TS2339: Property 'user' does not exist on type 'LeaderboardEntry'.
src/components/gamification/leaderboard/UserRankCard.tsx(269,37): error TS2339: Property 'user' does not exist on type 'LeaderboardEntry'.
src/components/gamification/leaderboard/UserRankCard.tsx(285,48): error TS2339: Property 'user' does not exist on type 'LeaderboardEntry'.
src/components/gamification/leaderboard/UserRankCard.tsx(287,33): error TS2339: Property 'user' does not exist on type 'LeaderboardEntry'.
src/components/gamification/leaderboard/UserRankCard.tsx(304,54): error TS2339: Property 'user' does not exist on type 'LeaderboardEntry'.
src/components/gamification/leaderboard/UserRankCard.tsx(306,39): error TS2339: Property 'user' does not exist on type 'LeaderboardEntry'.
src/components/gamification/leaderboard/UserRankCard.tsx(310,37): error TS2339: Property 'user' does not exist on type 'LeaderboardEntry'.
src/components/gamification/leaderboard/UserRankCard.tsx(330,53): error TS2339: Property 'user' does not exist on type 'LeaderboardEntry'.
src/components/gamification/notifications/AchievementNotification.tsx(129,32): error TS2551: Property 'COMMON' does not exist on type '{ common: { icon: LucideIcon; color: string; bgColor: string; borderColor: string; gradientFrom: string; gradientTo: string; label: string; particles: string; }; rare: { icon: LucideIcon; ... 6 more ...; particles: string; }; epic: { ...; }; legendary: { ...; }; mythic: { ...; }; }'. Did you mean 'common'?
src/components/gamification/notifications/AchievementNotification.tsx(131,41): error TS2551: Property 'COMMON' does not exist on type '{ common: string[]; rare: string[]; epic: string[]; legendary: string[]; mythic: string[]; }'. Did you mean 'common'?
src/components/gamification/notifications/AchievementNotification.tsx(147,23): error TS2367: This comparison appears to be unintentional because the types 'AchievementRarity' and '"legendary"' have no overlap.
src/components/gamification/notifications/AchievementNotification.tsx(147,61): error TS2367: This comparison appears to be unintentional because the types 'AchievementRarity' and '"mythic"' have no overlap.
src/components/gamification/notifications/index.ts(4,10): error TS2614: Module '"./NotificationToast"' has no exported member 'NotificationToastContent'. Did you mean to use 'import NotificationToastContent from "./NotificationToast"' instead?
src/components/gamification/notifications/index.ts(21,3): error TS2724: '"./AchievementNotification"' has no exported member named 'AchievementNotificationProps'. Did you mean 'AchievementNotification'?
src/components/gamification/notifications/index.ts(25,3): error TS2724: '"./LevelUpNotification"' has no exported member named 'LevelUpNotificationProps'. Did you mean 'LevelUpNotification'?
src/components/gamification/notifications/index.ts(29,3): error TS2724: '"./NotificationSystem"' has no exported member named 'NotificationSystemProps'. Did you mean 'NotificationSystem'?
src/components/gamification/notifications/NotificationSystem.tsx(7,10): error TS2614: Module '"./NotificationToast"' has no exported member 'NotificationToastContent'. Did you mean to use 'import NotificationToastContent from "./NotificationToast"' instead?
src/components/gamification/notifications/NotificationToast.tsx(79,14): error TS2367: This comparison appears to be unintentional because the types 'AchievementRarity | undefined' and '"legendary"' have no overlap.
src/components/gamification/notifications/NotificationToast.tsx(95,26): error TS2551: Property 'COMMON' does not exist on type '{ common: { color: string; bgColor: string; borderColor: string; label: string; }; rare: { color: string; bgColor: string; borderColor: string; label: string; }; epic: { color: string; bgColor: string; borderColor: string; label: string; }; legendary: { ...; }; mythic: { ...; }; }'. Did you mean 'common'?
src/components/gamification/notifications/NotificationToast.tsx(164,30): error TS2551: Property 'COMMON' does not exist on type '{ common: { color: string; bgColor: string; borderColor: string; label: string; }; rare: { color: string; bgColor: string; borderColor: string; label: string; }; epic: { color: string; bgColor: string; borderColor: string; label: string; }; legendary: { ...; }; mythic: { ...; }; }'. Did you mean 'common'?
src/hooks/useSystemSettings.ts(63,11): error TS2322: Type 'number' is not assignable to type 'string'.
src/hooks/useSystemSettings.ts(65,11): error TS2322: Type 'boolean' is not assignable to type 'string'.
src/lib/auth-middleware.ts(216,13): error TS2353: Object literal may only specify known properties, and 'instructorId' does not exist in type 'CourseWhereInput'.
src/lib/auth-middleware.ts(225,13): error TS2561: Object literal may only specify known properties, but 'createdById' does not exist in type 'GroupWhereInput'. Did you mean to write 'createdBy'?
src/lib/auth-middleware.ts(234,13): error TS2561: Object literal may only specify known properties, but 'createdById' does not exist in type 'EventWhereInput'. Did you mean to write 'createdBy'?
src/lib/gamification/achievement-engine.ts(337,44): error TS2551: Property 'userProgress' does not exist on type 'PrismaClient<PrismaClientOptions, never, DefaultArgs>'. Did you mean 'progress'?
src/lib/gamification/achievement-engine.ts(407,45): error TS2551: Property 'userProgress' does not exist on type 'PrismaClient<PrismaClientOptions, never, DefaultArgs>'. Did you mean 'progress'?
ELIFECYCLE Command failed with exit code 2.
